                                      1 ;--------------------------------------------------------
                                      2 ; File Created by SDCC : free open source ANSI-C Compiler
                                      3 ; Version 4.2.0 #13081 (MINGW64)
                                      4 ;--------------------------------------------------------
                                      5 	.module draw
                                      6 	.optsdcc -mz80
                                      7 	
                                      8 ;--------------------------------------------------------
                                      9 ; Public variables in this module
                                     10 ;--------------------------------------------------------
                                     11 	.globl _VPD_CommandSetupR36
                                     12 	.globl _g_SLTSL
                                     13 	.globl _g_GRPACY
                                     14 	.globl _g_GRPACX
                                     15 	.globl _g_LOGOPR
                                     16 	.globl _g_CMASK
                                     17 	.globl _g_CLOC
                                     18 	.globl _g_FNKSTR
                                     19 	.globl _g_ATRBYT
                                     20 	.globl _g_BDRCLR
                                     21 	.globl _g_BAKCLR
                                     22 	.globl _g_FORCLR
                                     23 	.globl _g_CSRX
                                     24 	.globl _g_CSRY
                                     25 	.globl _g_CLIKSW
                                     26 	.globl _g_MLTPAT
                                     27 	.globl _g_MLTATR
                                     28 	.globl _g_MLTCGP
                                     29 	.globl _g_MLTCOL
                                     30 	.globl _g_MLTNAM
                                     31 	.globl _g_GRPPAT
                                     32 	.globl _g_GRPATR
                                     33 	.globl _g_GRPCGP
                                     34 	.globl _g_GRPCOL
                                     35 	.globl _g_GRPNAM
                                     36 	.globl _g_T32PAT
                                     37 	.globl _g_T32ATR
                                     38 	.globl _g_T32CGP
                                     39 	.globl _g_T32COL
                                     40 	.globl _g_T32NAM
                                     41 	.globl _g_TXTPAT
                                     42 	.globl _g_TXTATR
                                     43 	.globl _g_TXTCGP
                                     44 	.globl _g_TXTCOL
                                     45 	.globl _g_TXTNAM
                                     46 	.globl _g_CLMLST
                                     47 	.globl _g_CRTCNT
                                     48 	.globl _g_LINLEN
                                     49 	.globl _g_LINL32
                                     50 	.globl _g_LINL40
                                     51 	.globl _g_SVFFFD
                                     52 	.globl _g_RG27SAV
                                     53 	.globl _g_RG26SAV
                                     54 	.globl _g_RG25SAV
                                     55 	.globl _g_SVFFF8
                                     56 	.globl _g_MINROM
                                     57 	.globl _g_RG23SAV
                                     58 	.globl _g_RG22SAV
                                     59 	.globl _g_RG21SAV
                                     60 	.globl _g_RG20SAV
                                     61 	.globl _g_RG19SAV
                                     62 	.globl _g_RG18SAV
                                     63 	.globl _g_RG17SAV
                                     64 	.globl _g_RG16SAV
                                     65 	.globl _g_RG15SAV
                                     66 	.globl _g_RG14SAV
                                     67 	.globl _g_RG13SAV
                                     68 	.globl _g_RG12SAV
                                     69 	.globl _g_RG11SAV
                                     70 	.globl _g_RG10SAV
                                     71 	.globl _g_RG09SAV
                                     72 	.globl _g_RG08SAV
                                     73 	.globl _g_PROCNM
                                     74 	.globl _g_SLTWRK
                                     75 	.globl _g_SLTATR
                                     76 	.globl _g_SLTTBL
                                     77 	.globl _g_EXPTBL
                                     78 	.globl _g_MNROM
                                     79 	.globl _g_DRWANG
                                     80 	.globl _g_DRWSCL
                                     81 	.globl _g_DRWFLG
                                     82 	.globl _g_GYPOS
                                     83 	.globl _g_GXPOS
                                     84 	.globl _g_BRDATR
                                     85 	.globl _g_CASPRV
                                     86 	.globl _g_OLDSCR
                                     87 	.globl _g_SCRMOD
                                     88 	.globl _g_FLBMEM
                                     89 	.globl _g_KANAMD
                                     90 	.globl _g_KANAST
                                     91 	.globl _g_CAPST
                                     92 	.globl _g_CSTYLE
                                     93 	.globl _g_CSRSW
                                     94 	.globl _g_INSFLG
                                     95 	.globl _g_ESCCNT
                                     96 	.globl _g_GRPHED
                                     97 	.globl _g_WINWID
                                     98 	.globl _g_LOWLIM
                                     99 	.globl _g_INTCNT
                                    100 	.globl _g_INTVAL
                                    101 	.globl _g_JIFFY
                                    102 	.globl _g_PADX
                                    103 	.globl _g_PADY
                                    104 	.globl _g_INTFLG
                                    105 	.globl _g_RTYCNT
                                    106 	.globl _g_TRPTBL
                                    107 	.globl _g_HIMEM
                                    108 	.globl _g_BOTTOM
                                    109 	.globl _g_PATWRK
                                    110 	.globl _g_LINWRK
                                    111 	.globl _g_KEYBUF
                                    112 	.globl _g_NEWKEY
                                    113 	.globl _g_OLDKEY
                                    114 	.globl _g_CLIKFL
                                    115 	.globl _g_ONGSBF
                                    116 	.globl _g_FNKFLG
                                    117 	.globl _g_FNKSWI
                                    118 	.globl _g_CODSAV
                                    119 	.globl _g_FSTPOS
                                    120 	.globl _g_LINTTB
                                    121 	.globl _g_BASROM
                                    122 	.globl _g_ENSTOP
                                    123 	.globl _g_VCBC
                                    124 	.globl _g_VCBB
                                    125 	.globl _g_VCBA
                                    126 	.globl _g_PLYCNT
                                    127 	.globl _g_MUSICF
                                    128 	.globl _g_QUEUEN
                                    129 	.globl _g_MCLPTR
                                    130 	.globl _g_MCLLEN
                                    131 	.globl _g_SAVVOL
                                    132 	.globl _g_VOICEN
                                    133 	.globl _g_SAVSP
                                    134 	.globl _g_PRSCNT
                                    135 	.globl _g_LSTMOD
                                    136 	.globl _g_LSTCOM
                                    137 	.globl _g_COMMSK
                                    138 	.globl _g_ESTBLS
                                    139 	.globl _g_FLAGS
                                    140 	.globl _g_ERRORS
                                    141 	.globl _g_DATCNT
                                    142 	.globl _g_DEVNUM
                                    143 	.globl _g_OLDINT
                                    144 	.globl _g_OLDSTT
                                    145 	.globl _g_MEXBIh
                                    146 	.globl _g_RSIQLN
                                    147 	.globl _g_RSFCB
                                    148 	.globl _g_TOCNT
                                    149 	.globl _g_RSTMP
                                    150 	.globl _g_YSAVE
                                    151 	.globl _g_XSAVE
                                    152 	.globl _g_NORUSE
                                    153 	.globl _g_MODE
                                    154 	.globl _g_ROMA
                                    155 	.globl _g_CHRCNT
                                    156 	.globl _g_EXBRSA
                                    157 	.globl _g_AVCSAV
                                    158 	.globl _g_ACPAGE
                                    159 	.globl _g_DPPAGE
                                    160 	.globl _g_RS2IQ
                                    161 	.globl _g_VOICCQ
                                    162 	.globl _g_VOICBQ
                                    163 	.globl _g_VOICAQ
                                    164 	.globl _g_QUEBAK
                                    165 	.globl _g_QUETAB
                                    166 	.globl _g_ASPCT2
                                    167 	.globl _g_ASPCT1
                                    168 	.globl _g_HEADER
                                    169 	.globl _g_HIGH
                                    170 	.globl _g_LOW
                                    171 	.globl _g_CS240
                                    172 	.globl _g_CS120
                                    173 	.globl _g_GETPNT
                                    174 	.globl _g_PUTPNT
                                    175 	.globl _g_REPCNT
                                    176 	.globl _g_SCNCNT
                                    177 	.globl _g_FRCNEW
                                    178 	.globl _g_QUEUES
                                    179 	.globl _g_MINUPD
                                    180 	.globl _g_MAXUPD
                                    181 	.globl _g_TRGFLG
                                    182 	.globl _g_STATFL
                                    183 	.globl _g_RG7SAV
                                    184 	.globl _g_RG6SAV
                                    185 	.globl _g_RG5SAV
                                    186 	.globl _g_RG4SAV
                                    187 	.globl _g_RG3SAV
                                    188 	.globl _g_RG2SAV
                                    189 	.globl _g_RG1SAV
                                    190 	.globl _g_RG0SAV
                                    191 	.globl _g_CNSDFG
                                    192 	.globl _g_USRTAB
                                    193 	.globl _g_CLPRIM
                                    194 	.globl _g_WRPRIM
                                    195 	.globl _g_RDPRIM
                                    196 	.globl _Draw_Line
                                    197 	.globl _Draw_LineH
                                    198 	.globl _Draw_LineV
                                    199 	.globl _Draw_Box
                                    200 	.globl _Draw_FillBox
                                    201 	.globl _Draw_Circle
                                    202 ;--------------------------------------------------------
                                    203 ; special function registers
                                    204 ;--------------------------------------------------------
                                    205 ;--------------------------------------------------------
                                    206 ; ram data
                                    207 ;--------------------------------------------------------
                                    208 	.area _DATA
                         0000F3AE   209 _g_LINL40	=	0xf3ae
                         0000F3AF   210 _g_LINL32	=	0xf3af
                         0000F3B0   211 _g_LINLEN	=	0xf3b0
                         0000F3B1   212 _g_CRTCNT	=	0xf3b1
                         0000F3B2   213 _g_CLMLST	=	0xf3b2
                         0000F3B3   214 _g_TXTNAM	=	0xf3b3
                         0000F3B5   215 _g_TXTCOL	=	0xf3b5
                         0000F3B7   216 _g_TXTCGP	=	0xf3b7
                         0000F3B9   217 _g_TXTATR	=	0xf3b9
                         0000F3BB   218 _g_TXTPAT	=	0xf3bb
                         0000F3BD   219 _g_T32NAM	=	0xf3bd
                         0000F3BF   220 _g_T32COL	=	0xf3bf
                         0000F3C1   221 _g_T32CGP	=	0xf3c1
                         0000F3C3   222 _g_T32ATR	=	0xf3c3
                         0000F3C5   223 _g_T32PAT	=	0xf3c5
                         0000F3C7   224 _g_GRPNAM	=	0xf3c7
                         0000F3C9   225 _g_GRPCOL	=	0xf3c9
                         0000F3CB   226 _g_GRPCGP	=	0xf3cb
                         0000F3CD   227 _g_GRPATR	=	0xf3cd
                         0000F3CF   228 _g_GRPPAT	=	0xf3cf
                         0000F3D1   229 _g_MLTNAM	=	0xf3d1
                         0000F3D3   230 _g_MLTCOL	=	0xf3d3
                         0000F3D5   231 _g_MLTCGP	=	0xf3d5
                         0000F3D7   232 _g_MLTATR	=	0xf3d7
                         0000F3D9   233 _g_MLTPAT	=	0xf3d9
                         0000F3DB   234 _g_CLIKSW	=	0xf3db
                         0000F3DC   235 _g_CSRY	=	0xf3dc
                         0000F3DD   236 _g_CSRX	=	0xf3dd
                         0000F3E9   237 _g_FORCLR	=	0xf3e9
                         0000F3EA   238 _g_BAKCLR	=	0xf3ea
                         0000F3EB   239 _g_BDRCLR	=	0xf3eb
                         0000F3F2   240 _g_ATRBYT	=	0xf3f2
                         0000F87F   241 _g_FNKSTR	=	0xf87f
                         0000F92A   242 _g_CLOC	=	0xf92a
                         0000F92C   243 _g_CMASK	=	0xf92c
                         0000FB02   244 _g_LOGOPR	=	0xfb02
                         0000FCB7   245 _g_GRPACX	=	0xfcb7
                         0000FCB9   246 _g_GRPACY	=	0xfcb9
                         0000FFFF   247 _g_SLTSL	=	0xffff
                                    248 ;--------------------------------------------------------
                                    249 ; ram data
                                    250 ;--------------------------------------------------------
                                    251 	.area _INITIALIZED
                                    252 ;--------------------------------------------------------
                                    253 ; absolute external ram data
                                    254 ;--------------------------------------------------------
                                    255 	.area _DABS (ABS)
                                    256 ;--------------------------------------------------------
                                    257 ; global & static initialisations
                                    258 ;--------------------------------------------------------
                                    259 	.area _HOME
                                    260 	.area _GSINIT
                                    261 	.area _GSFINAL
                                    262 	.area _GSINIT
                                    263 ;--------------------------------------------------------
                                    264 ; Home
                                    265 ;--------------------------------------------------------
                                    266 	.area _HOME
                                    267 	.area _HOME
                                    268 ;--------------------------------------------------------
                                    269 ; code
                                    270 ;--------------------------------------------------------
                                    271 	.area _CODE
                                    272 ;C:\msx\engine/src/draw.c:14: void Draw_Line(UX x1, UY y1, UX x2, UY y2, u8 color, u8 op)
                                    273 ;	---------------------------------
                                    274 ; Function Draw_Line
                                    275 ; ---------------------------------
    00000000                        276 _Draw_Line::
    00000000 DD E5            [15]  277 	push	ix
    00000002 DD 21 00 00      [14]  278 	ld	ix,#0
    00000006 DD 39            [15]  279 	add	ix,sp
    00000008 FD 21 F9 FF      [14]  280 	ld	iy, #-7
    0000000C FD 39            [15]  281 	add	iy, sp
    0000000E FD F9            [10]  282 	ld	sp, iy
    00000010 4D               [ 4]  283 	ld	c, l
    00000011 44               [ 4]  284 	ld	b, h
                                    285 ;C:\msx\engine/src/draw.c:20: if(x1 > x2)
    00000012 DD 7E 05         [19]  286 	ld	a, 5 (ix)
    00000015 91               [ 4]  287 	sub	a, c
    00000016 DD 7E 06         [19]  288 	ld	a, 6 (ix)
    00000019 98               [ 4]  289 	sbc	a, b
    0000001A 30 16            [12]  290 	jr	NC, 00102$
                                    291 ;C:\msx\engine/src/draw.c:22: arg |= VDP_ARG_DIX_LEFT;
    0000001C DD 36 FF 04      [19]  292 	ld	-1 (ix), #0x04
                                    293 ;C:\msx\engine/src/draw.c:23: dx = x1 - x2 /*+ 1*/;
    00000020 79               [ 4]  294 	ld	a, c
    00000021 DD 96 05         [19]  295 	sub	a, 5 (ix)
    00000024 5F               [ 4]  296 	ld	e, a
    00000025 78               [ 4]  297 	ld	a, b
    00000026 DD 9E 06         [19]  298 	sbc	a, 6 (ix)
    00000029 DD 73 FD         [19]  299 	ld	-3 (ix), e
    0000002C DD 77 FE         [19]  300 	ld	-2 (ix), a
    0000002F C3r45r00         [10]  301 	jp	00103$
    00000032                        302 00102$:
                                    303 ;C:\msx\engine/src/draw.c:27: arg |= VDP_ARG_DIX_RIGHT;
    00000032 DD 36 FF 00      [19]  304 	ld	-1 (ix), #0x00
                                    305 ;C:\msx\engine/src/draw.c:28: dx = x2 - x1 /*+ 1*/;
    00000036 DD 7E 05         [19]  306 	ld	a, 5 (ix)
    00000039 91               [ 4]  307 	sub	a, c
    0000003A 5F               [ 4]  308 	ld	e, a
    0000003B DD 7E 06         [19]  309 	ld	a, 6 (ix)
    0000003E 98               [ 4]  310 	sbc	a, b
    0000003F DD 73 FD         [19]  311 	ld	-3 (ix), e
    00000042 DD 77 FE         [19]  312 	ld	-2 (ix), a
    00000045                        313 00103$:
                                    314 ;C:\msx\engine/src/draw.c:33: dy = y1 - y2 /*+ 1*/;
    00000045 DD 5E 04         [19]  315 	ld	e, 4 (ix)
    00000048 16 00            [ 7]  316 	ld	d, #0x00
    0000004A DD 6E 07         [19]  317 	ld	l, 7 (ix)
                                    318 ;	spillPairReg hl
                                    319 ;	spillPairReg hl
    0000004D 26 00            [ 7]  320 	ld	h, #0x00
                                    321 ;	spillPairReg hl
                                    322 ;	spillPairReg hl
                                    323 ;C:\msx\engine/src/draw.c:30: if(y1 > y2)
    0000004F DD 7E 07         [19]  324 	ld	a, 7 (ix)
    00000052 DD 96 04         [19]  325 	sub	a, 4 (ix)
    00000055 30 11            [12]  326 	jr	NC, 00105$
                                    327 ;C:\msx\engine/src/draw.c:32: arg |= VDP_ARG_DIY_UP;
    00000057 DD 7E FF         [19]  328 	ld	a, -1 (ix)
    0000005A F6 08            [ 7]  329 	or	a, #0x08
    0000005C DD 77 FF         [19]  330 	ld	-1 (ix), a
                                    331 ;C:\msx\engine/src/draw.c:33: dy = y1 - y2 /*+ 1*/;
    0000005F 7B               [ 4]  332 	ld	a, e
    00000060 95               [ 4]  333 	sub	a, l
    00000061 5F               [ 4]  334 	ld	e, a
    00000062 7A               [ 4]  335 	ld	a, d
    00000063 9C               [ 4]  336 	sbc	a, h
    00000064 57               [ 4]  337 	ld	d, a
    00000065 C3r6Cr00         [10]  338 	jp	00106$
    00000068                        339 00105$:
                                    340 ;C:\msx\engine/src/draw.c:38: dy = y2 - y1 /*+ 1*/;
    00000068 BF               [ 4]  341 	cp	a, a
    00000069 ED 52            [15]  342 	sbc	hl, de
    0000006B EB               [ 4]  343 	ex	de, hl
    0000006C                        344 00106$:
                                    345 ;C:\msx\engine/src/draw.c:40: if(dx > dy)
    0000006C 7B               [ 4]  346 	ld	a, e
    0000006D DD 96 FD         [19]  347 	sub	a, -3 (ix)
    00000070 7A               [ 4]  348 	ld	a, d
    00000071 DD 9E FE         [19]  349 	sbc	a, -2 (ix)
    00000074 30 0F            [12]  350 	jr	NC, 00108$
                                    351 ;C:\msx\engine/src/draw.c:43: nx = dx;
    00000076 DD 7E FD         [19]  352 	ld	a, -3 (ix)
    00000079 DD 77 F9         [19]  353 	ld	-7 (ix), a
    0000007C DD 7E FE         [19]  354 	ld	a, -2 (ix)
    0000007F DD 77 FA         [19]  355 	ld	-6 (ix), a
                                    356 ;C:\msx\engine/src/draw.c:44: ny = dy;
    00000082 C3r96r00         [10]  357 	jp	00109$
    00000085                        358 00108$:
                                    359 ;C:\msx\engine/src/draw.c:48: arg |= VDP_ARG_MAJ_V;
    00000085 DD 7E FF         [19]  360 	ld	a, -1 (ix)
    00000088 F6 01            [ 7]  361 	or	a, #0x01
    0000008A DD 77 FF         [19]  362 	ld	-1 (ix), a
                                    363 ;C:\msx\engine/src/draw.c:49: nx = dy;
    0000008D 33               [ 6]  364 	inc	sp
    0000008E 33               [ 6]  365 	inc	sp
    0000008F D5               [11]  366 	push	de
                                    367 ;C:\msx\engine/src/draw.c:50: ny = dx;
    00000090 DD 5E FD         [19]  368 	ld	e, -3 (ix)
    00000093 DD 56 FE         [19]  369 	ld	d, -2 (ix)
    00000096                        370 00109$:
                                    371 ;C:\msx\engine/src/draw.c:53: VDP_CommandLINE(x1, y1, nx, ny, color, arg, op);	
    00000096 DD 7E 09         [19]  372 	ld	a, 9 (ix)
    00000099 DD 77 FB         [19]  373 	ld	-5 (ix), a
    0000009C DD 7E 08         [19]  374 	ld	a, 8 (ix)
    0000009F DD 77 FC         [19]  375 	ld	-4 (ix), a
    000000A2 DD 7E 04         [19]  376 	ld	a, 4 (ix)
    000000A5 DD 77 FD         [19]  377 	ld	-3 (ix), a
    000000A8 DD 36 FE 00      [19]  378 	ld	-2 (ix), #0x00
                                    379 ;C:\msx\engine/src/vdp_inl.h:338: g_VDP_Command.DX = dx;
    000000AC ED 43r04r00      [20]  380 	ld	((_g_VDP_Command + 4)), bc
                                    381 ;C:\msx\engine/src/vdp_inl.h:339: g_VDP_Command.DY = dy;
    000000B0 21r06r00         [10]  382 	ld	hl, #(_g_VDP_Command + 6)
    000000B3 DD 7E FD         [19]  383 	ld	a, -3 (ix)
    000000B6 77               [ 7]  384 	ld	(hl), a
    000000B7 23               [ 6]  385 	inc	hl
    000000B8 DD 7E FE         [19]  386 	ld	a, -2 (ix)
    000000BB 77               [ 7]  387 	ld	(hl), a
                                    388 ;C:\msx\engine/src/vdp_inl.h:340: g_VDP_Command.NX = nx;
    000000BC 21r08r00         [10]  389 	ld	hl, #(_g_VDP_Command + 8)
    000000BF DD 7E F9         [19]  390 	ld	a, -7 (ix)
    000000C2 77               [ 7]  391 	ld	(hl), a
    000000C3 23               [ 6]  392 	inc	hl
    000000C4 DD 7E FA         [19]  393 	ld	a, -6 (ix)
    000000C7 77               [ 7]  394 	ld	(hl), a
                                    395 ;C:\msx\engine/src/vdp_inl.h:341: g_VDP_Command.NY = ny;
    000000C8 ED 53r0Ar00      [20]  396 	ld	((_g_VDP_Command + 10)), de
                                    397 ;C:\msx\engine/src/vdp_inl.h:342: g_VDP_Command.CLR = col;
    000000CC 21r0Cr00         [10]  398 	ld	hl, #(_g_VDP_Command + 12)
    000000CF DD 7E FC         [19]  399 	ld	a, -4 (ix)
    000000D2 77               [ 7]  400 	ld	(hl), a
                                    401 ;C:\msx\engine/src/vdp_inl.h:343: g_VDP_Command.ARG = arg;
    000000D3 21r0Dr00         [10]  402 	ld	hl, #(_g_VDP_Command + 13)
    000000D6 DD 7E FF         [19]  403 	ld	a, -1 (ix)
    000000D9 77               [ 7]  404 	ld	(hl), a
                                    405 ;C:\msx\engine/src/vdp_inl.h:344: g_VDP_Command.CMD = VDP_CMD_LINE + op;
    000000DA DD 7E FB         [19]  406 	ld	a, -5 (ix)
    000000DD C6 70            [ 7]  407 	add	a, #0x70
    000000DF 32r0Er00         [13]  408 	ld	(#(_g_VDP_Command + 14)),a
                                    409 ;C:\msx\engine/src/vdp_inl.h:345: VPD_CommandSetupR36();
    000000E2 CDr00r00         [17]  410 	call	_VPD_CommandSetupR36
                                    411 ;C:\msx\engine/src/draw.c:53: VDP_CommandLINE(x1, y1, nx, ny, color, arg, op);	
                                    412 ;C:\msx\engine/src/draw.c:54: }
    000000E5 DD F9            [10]  413 	ld	sp, ix
    000000E7 DD E1            [14]  414 	pop	ix
    000000E9 E1               [10]  415 	pop	hl
    000000EA F1               [10]  416 	pop	af
    000000EB F1               [10]  417 	pop	af
    000000EC F1               [10]  418 	pop	af
    000000ED E9               [ 4]  419 	jp	(hl)
                         0000F380   420 _g_RDPRIM	=	0xf380
                         0000F385   421 _g_WRPRIM	=	0xf385
                         0000F38C   422 _g_CLPRIM	=	0xf38c
                         0000F39A   423 _g_USRTAB	=	0xf39a
                         0000F3DE   424 _g_CNSDFG	=	0xf3de
                         0000F3DF   425 _g_RG0SAV	=	0xf3df
                         0000F3E0   426 _g_RG1SAV	=	0xf3e0
                         0000F3E1   427 _g_RG2SAV	=	0xf3e1
                         0000F3E2   428 _g_RG3SAV	=	0xf3e2
                         0000F3E3   429 _g_RG4SAV	=	0xf3e3
                         0000F3E4   430 _g_RG5SAV	=	0xf3e4
                         0000F3E5   431 _g_RG6SAV	=	0xf3e5
                         0000F3E6   432 _g_RG7SAV	=	0xf3e6
                         0000F3E7   433 _g_STATFL	=	0xf3e7
                         0000F3E8   434 _g_TRGFLG	=	0xf3e8
                         0000F3EC   435 _g_MAXUPD	=	0xf3ec
                         0000F3EF   436 _g_MINUPD	=	0xf3ef
                         0000F3F3   437 _g_QUEUES	=	0xf3f3
                         0000F3F5   438 _g_FRCNEW	=	0xf3f5
                         0000F3F6   439 _g_SCNCNT	=	0xf3f6
                         0000F3F7   440 _g_REPCNT	=	0xf3f7
                         0000F3F8   441 _g_PUTPNT	=	0xf3f8
                         0000F3FA   442 _g_GETPNT	=	0xf3fa
                         0000F3FC   443 _g_CS120	=	0xf3fc
                         0000F401   444 _g_CS240	=	0xf401
                         0000F406   445 _g_LOW	=	0xf406
                         0000F408   446 _g_HIGH	=	0xf408
                         0000F40A   447 _g_HEADER	=	0xf40a
                         0000F40B   448 _g_ASPCT1	=	0xf40b
                         0000F40D   449 _g_ASPCT2	=	0xf40d
                         0000F959   450 _g_QUETAB	=	0xf959
                         0000F971   451 _g_QUEBAK	=	0xf971
                         0000F975   452 _g_VOICAQ	=	0xf975
                         0000F9F5   453 _g_VOICBQ	=	0xf9f5
                         0000FA75   454 _g_VOICCQ	=	0xfa75
                         0000FAF5   455 _g_RS2IQ	=	0xfaf5
                         0000FAF5   456 _g_DPPAGE	=	0xfaf5
                         0000FAF6   457 _g_ACPAGE	=	0xfaf6
                         0000FAF7   458 _g_AVCSAV	=	0xfaf7
                         0000FAF8   459 _g_EXBRSA	=	0xfaf8
                         0000FAF9   460 _g_CHRCNT	=	0xfaf9
                         0000FAFA   461 _g_ROMA	=	0xfafa
                         0000FAFC   462 _g_MODE	=	0xfafc
                         0000FAFD   463 _g_NORUSE	=	0xfafd
                         0000FAFE   464 _g_XSAVE	=	0xfafe
                         0000FB00   465 _g_YSAVE	=	0xfb00
                         0000FB03   466 _g_RSTMP	=	0xfb03
                         0000FB03   467 _g_TOCNT	=	0xfb03
                         0000FB04   468 _g_RSFCB	=	0xfb04
                         0000FB06   469 _g_RSIQLN	=	0xfb06
                         0000FB07   470 _g_MEXBIh	=	0xfb07
                         0000FB0C   471 _g_OLDSTT	=	0xfb0c
                         0000FB0C   472 _g_OLDINT	=	0xfb0c
                         0000FB16   473 _g_DEVNUM	=	0xfb16
                         0000FB17   474 _g_DATCNT	=	0xfb17
                         0000FB1A   475 _g_ERRORS	=	0xfb1a
                         0000FB1B   476 _g_FLAGS	=	0xfb1b
                         0000FB1C   477 _g_ESTBLS	=	0xfb1c
                         0000FB1D   478 _g_COMMSK	=	0xfb1d
                         0000FB1E   479 _g_LSTCOM	=	0xfb1e
                         0000FB1F   480 _g_LSTMOD	=	0xfb1f
                         0000FB35   481 _g_PRSCNT	=	0xfb35
                         0000FB36   482 _g_SAVSP	=	0xfb36
                         0000FB38   483 _g_VOICEN	=	0xfb38
                         0000FB39   484 _g_SAVVOL	=	0xfb39
                         0000FB3B   485 _g_MCLLEN	=	0xfb3b
                         0000FB3C   486 _g_MCLPTR	=	0xfb3c
                         0000FB3E   487 _g_QUEUEN	=	0xfb3e
                         0000FB3F   488 _g_MUSICF	=	0xfb3f
                         0000FB40   489 _g_PLYCNT	=	0xfb40
                         0000FB41   490 _g_VCBA	=	0xfb41
                         0000FB66   491 _g_VCBB	=	0xfb66
                         0000FB8B   492 _g_VCBC	=	0xfb8b
                         0000FBB0   493 _g_ENSTOP	=	0xfbb0
                         0000FBB1   494 _g_BASROM	=	0xfbb1
                         0000FBB2   495 _g_LINTTB	=	0xfbb2
                         0000FBCA   496 _g_FSTPOS	=	0xfbca
                         0000FBCC   497 _g_CODSAV	=	0xfbcc
                         0000FBCD   498 _g_FNKSWI	=	0xfbcd
                         0000FBCE   499 _g_FNKFLG	=	0xfbce
                         0000FBD8   500 _g_ONGSBF	=	0xfbd8
                         0000FBD9   501 _g_CLIKFL	=	0xfbd9
                         0000FBDA   502 _g_OLDKEY	=	0xfbda
                         0000FBE5   503 _g_NEWKEY	=	0xfbe5
                         0000FBF0   504 _g_KEYBUF	=	0xfbf0
                         0000FC18   505 _g_LINWRK	=	0xfc18
                         0000FC40   506 _g_PATWRK	=	0xfc40
                         0000FC48   507 _g_BOTTOM	=	0xfc48
                         0000FC4A   508 _g_HIMEM	=	0xfc4a
                         0000FC4C   509 _g_TRPTBL	=	0xfc4c
                         0000FC9A   510 _g_RTYCNT	=	0xfc9a
                         0000FC9B   511 _g_INTFLG	=	0xfc9b
                         0000FC9C   512 _g_PADY	=	0xfc9c
                         0000FC9D   513 _g_PADX	=	0xfc9d
                         0000FC9E   514 _g_JIFFY	=	0xfc9e
                         0000FCA0   515 _g_INTVAL	=	0xfca0
                         0000FCA2   516 _g_INTCNT	=	0xfca2
                         0000FCA4   517 _g_LOWLIM	=	0xfca4
                         0000FCA5   518 _g_WINWID	=	0xfca5
                         0000FCA6   519 _g_GRPHED	=	0xfca6
                         0000FCA7   520 _g_ESCCNT	=	0xfca7
                         0000FCA8   521 _g_INSFLG	=	0xfca8
                         0000FCA9   522 _g_CSRSW	=	0xfca9
                         0000FCAA   523 _g_CSTYLE	=	0xfcaa
                         0000FCAB   524 _g_CAPST	=	0xfcab
                         0000FCAC   525 _g_KANAST	=	0xfcac
                         0000FCAD   526 _g_KANAMD	=	0xfcad
                         0000FCAE   527 _g_FLBMEM	=	0xfcae
                         0000FCAF   528 _g_SCRMOD	=	0xfcaf
                         0000FCB0   529 _g_OLDSCR	=	0xfcb0
                         0000FCB1   530 _g_CASPRV	=	0xfcb1
                         0000FCB2   531 _g_BRDATR	=	0xfcb2
                         0000FCB3   532 _g_GXPOS	=	0xfcb3
                         0000FCB5   533 _g_GYPOS	=	0xfcb5
                         0000FCBB   534 _g_DRWFLG	=	0xfcbb
                         0000FCBC   535 _g_DRWSCL	=	0xfcbc
                         0000FCBD   536 _g_DRWANG	=	0xfcbd
                         0000FCC1   537 _g_MNROM	=	0xfcc1
                         0000FCC1   538 _g_EXPTBL	=	0xfcc1
                         0000FCC5   539 _g_SLTTBL	=	0xfcc5
                         0000FCC9   540 _g_SLTATR	=	0xfcc9
                         0000FD09   541 _g_SLTWRK	=	0xfd09
                         0000FD89   542 _g_PROCNM	=	0xfd89
                         0000FFE7   543 _g_RG08SAV	=	0xffe7
                         0000FFE8   544 _g_RG09SAV	=	0xffe8
                         0000FFE9   545 _g_RG10SAV	=	0xffe9
                         0000FFEA   546 _g_RG11SAV	=	0xffea
                         0000FFEB   547 _g_RG12SAV	=	0xffeb
                         0000FFEC   548 _g_RG13SAV	=	0xffec
                         0000FFED   549 _g_RG14SAV	=	0xffed
                         0000FFEE   550 _g_RG15SAV	=	0xffee
                         0000FFEF   551 _g_RG16SAV	=	0xffef
                         0000FFF0   552 _g_RG17SAV	=	0xfff0
                         0000FFF1   553 _g_RG18SAV	=	0xfff1
                         0000FFF2   554 _g_RG19SAV	=	0xfff2
                         0000FFF3   555 _g_RG20SAV	=	0xfff3
                         0000FFF4   556 _g_RG21SAV	=	0xfff4
                         0000FFF5   557 _g_RG22SAV	=	0xfff5
                         0000FFF6   558 _g_RG23SAV	=	0xfff6
                         0000FFF7   559 _g_MINROM	=	0xfff7
                         0000FFF8   560 _g_SVFFF8	=	0xfff8
                         0000FFFA   561 _g_RG25SAV	=	0xfffa
                         0000FFFB   562 _g_RG26SAV	=	0xfffb
                         0000FFFC   563 _g_RG27SAV	=	0xfffc
                         0000FFFD   564 _g_SVFFFD	=	0xfffd
                                    565 ;C:\msx\engine/src/draw.c:58: void Draw_LineH(UX x1, UX x2, UY y, u8 color, u8 op)
                                    566 ;	---------------------------------
                                    567 ; Function Draw_LineH
                                    568 ; ---------------------------------
    000000EE                        569 _Draw_LineH::
    000000EE DD E5            [15]  570 	push	ix
    000000F0 DD 21 00 00      [14]  571 	ld	ix,#0
    000000F4 DD 39            [15]  572 	add	ix,sp
    000000F6 F5               [11]  573 	push	af
    000000F7 F5               [11]  574 	push	af
                                    575 ;C:\msx\engine/src/draw.c:61: if(x1 > x2)
    000000F8 7B               [ 4]  576 	ld	a, e
    000000F9 95               [ 4]  577 	sub	a, l
    000000FA 7A               [ 4]  578 	ld	a, d
    000000FB 9C               [ 4]  579 	sbc	a, h
    000000FC 30 0C            [12]  580 	jr	NC, 00102$
                                    581 ;C:\msx\engine/src/draw.c:63: dx = x2;
    000000FE 33               [ 6]  582 	inc	sp
    000000FF 33               [ 6]  583 	inc	sp
    00000100 D5               [11]  584 	push	de
                                    585 ;C:\msx\engine/src/draw.c:64: nx = x1 - x2 + 1;
    00000101 BF               [ 4]  586 	cp	a, a
    00000102 ED 52            [15]  587 	sbc	hl, de
    00000104 23               [ 6]  588 	inc	hl
    00000105 4D               [ 4]  589 	ld	c, l
    00000106 44               [ 4]  590 	ld	b, h
    00000107 C3r14r01         [10]  591 	jp	00103$
    0000010A                        592 00102$:
                                    593 ;C:\msx\engine/src/draw.c:68: dx = x1;
    0000010A 33               [ 6]  594 	inc	sp
    0000010B 33               [ 6]  595 	inc	sp
    0000010C E5               [11]  596 	push	hl
                                    597 ;C:\msx\engine/src/draw.c:69: nx = x2 - x1 + 1;
    0000010D 7B               [ 4]  598 	ld	a, e
    0000010E 95               [ 4]  599 	sub	a, l
    0000010F 4F               [ 4]  600 	ld	c, a
    00000110 7A               [ 4]  601 	ld	a, d
    00000111 9C               [ 4]  602 	sbc	a, h
    00000112 47               [ 4]  603 	ld	b, a
    00000113 03               [ 6]  604 	inc	bc
    00000114                        605 00103$:
                                    606 ;C:\msx\engine/src/draw.c:71: VDP_CommandLMMV(dx, y, nx, 1, color, op);	
    00000114 DD 7E 06         [19]  607 	ld	a, 6 (ix)
    00000117 DD 77 FE         [19]  608 	ld	-2 (ix), a
    0000011A DD 7E 05         [19]  609 	ld	a, 5 (ix)
    0000011D DD 77 FF         [19]  610 	ld	-1 (ix), a
    00000120 DD 5E 04         [19]  611 	ld	e, 4 (ix)
    00000123 16 00            [ 7]  612 	ld	d, #0x00
                                    613 ;C:\msx\engine/src/vdp_inl.h:298: g_VDP_Command.DX = dx; 
    00000125 21r04r00         [10]  614 	ld	hl, #(_g_VDP_Command + 4)
    00000128 DD 7E FC         [19]  615 	ld	a, -4 (ix)
    0000012B 77               [ 7]  616 	ld	(hl), a
    0000012C 23               [ 6]  617 	inc	hl
    0000012D DD 7E FD         [19]  618 	ld	a, -3 (ix)
    00000130 77               [ 7]  619 	ld	(hl), a
                                    620 ;C:\msx\engine/src/vdp_inl.h:299: g_VDP_Command.DY = dy; 
    00000131 ED 53r06r00      [20]  621 	ld	((_g_VDP_Command + 6)), de
                                    622 ;C:\msx\engine/src/vdp_inl.h:300: g_VDP_Command.NX = nx; 
    00000135 ED 43r08r00      [20]  623 	ld	((_g_VDP_Command + 8)), bc
                                    624 ;C:\msx\engine/src/vdp_inl.h:301: g_VDP_Command.NY = ny; 
    00000139 21 01 00         [10]  625 	ld	hl, #0x0001
    0000013C 22r0Ar00         [16]  626 	ld	((_g_VDP_Command + 10)), hl
                                    627 ;C:\msx\engine/src/vdp_inl.h:302: g_VDP_Command.CLR = col; 
    0000013F 21r0Cr00         [10]  628 	ld	hl, #(_g_VDP_Command + 12)
    00000142 DD 7E FF         [19]  629 	ld	a, -1 (ix)
    00000145 77               [ 7]  630 	ld	(hl), a
                                    631 ;C:\msx\engine/src/vdp_inl.h:303: g_VDP_Command.ARG = arg; 
    00000146 21r0Dr00         [10]  632 	ld	hl, #(_g_VDP_Command + 13)
    00000149 36 00            [10]  633 	ld	(hl), #0x00
                                    634 ;C:\msx\engine/src/vdp_inl.h:304: g_VDP_Command.CMD = VDP_CMD_LMMV + op;
    0000014B DD 7E FE         [19]  635 	ld	a, -2 (ix)
    0000014E C6 80            [ 7]  636 	add	a, #0x80
    00000150 32r0Er00         [13]  637 	ld	(#(_g_VDP_Command + 14)),a
                                    638 ;C:\msx\engine/src/vdp_inl.h:305: VPD_CommandSetupR36();
    00000153 CDr00r00         [17]  639 	call	_VPD_CommandSetupR36
                                    640 ;C:\msx\engine/src/draw.c:71: VDP_CommandLMMV(dx, y, nx, 1, color, op);	
                                    641 ;C:\msx\engine/src/draw.c:72: }
    00000156 DD F9            [10]  642 	ld	sp, ix
    00000158 DD E1            [14]  643 	pop	ix
    0000015A E1               [10]  644 	pop	hl
    0000015B F1               [10]  645 	pop	af
    0000015C 33               [ 6]  646 	inc	sp
    0000015D E9               [ 4]  647 	jp	(hl)
                                    648 ;C:\msx\engine/src/draw.c:76: void Draw_LineV(UX x, UY y1, UY y2, u8 color, u8 op)
                                    649 ;	---------------------------------
                                    650 ; Function Draw_LineV
                                    651 ; ---------------------------------
    0000015E                        652 _Draw_LineV::
    0000015E DD E5            [15]  653 	push	ix
    00000160 DD 21 00 00      [14]  654 	ld	ix,#0
    00000164 DD 39            [15]  655 	add	ix,sp
    00000166 FD 21 F6 FF      [14]  656 	ld	iy, #-10
    0000016A FD 39            [15]  657 	add	iy, sp
    0000016C FD F9            [10]  658 	ld	sp, iy
    0000016E DD 75 FE         [19]  659 	ld	-2 (ix), l
    00000171 DD 74 FF         [19]  660 	ld	-1 (ix), h
                                    661 ;C:\msx\engine/src/draw.c:82: ny = y2 - y1 + 1;
    00000174 DD 7E 05         [19]  662 	ld	a, 5 (ix)
    00000177 DD 77 F6         [19]  663 	ld	-10 (ix), a
    0000017A DD 36 F7 00      [19]  664 	ld	-9 (ix), #0x00
    0000017E DD 7E 04         [19]  665 	ld	a, 4 (ix)
    00000181 DD 77 F8         [19]  666 	ld	-8 (ix), a
    00000184 DD 36 F9 00      [19]  667 	ld	-7 (ix), #0x00
                                    668 ;C:\msx\engine/src/draw.c:79: if(y1 < y2)
    00000188 DD 7E 04         [19]  669 	ld	a, 4 (ix)
    0000018B DD 96 05         [19]  670 	sub	a, 5 (ix)
    0000018E 30 3B            [12]  671 	jr	NC, 00102$
                                    672 ;C:\msx\engine/src/draw.c:81: dy = y1;
    00000190 DD 7E 04         [19]  673 	ld	a, 4 (ix)
    00000193 DD 77 FA         [19]  674 	ld	-6 (ix), a
    00000196 DD 36 FB 00      [19]  675 	ld	-5 (ix), #0x00
                                    676 ;C:\msx\engine/src/draw.c:82: ny = y2 - y1 + 1;
    0000019A DD 7E F6         [19]  677 	ld	a, -10 (ix)
    0000019D DD 96 F8         [19]  678 	sub	a, -8 (ix)
    000001A0 DD 77 FC         [19]  679 	ld	-4 (ix), a
    000001A3 DD 7E F7         [19]  680 	ld	a, -9 (ix)
    000001A6 DD 9E F9         [19]  681 	sbc	a, -7 (ix)
    000001A9 DD 77 FD         [19]  682 	ld	-3 (ix), a
    000001AC DD 7E FC         [19]  683 	ld	a, -4 (ix)
    000001AF C6 01            [ 7]  684 	add	a, #0x01
    000001B1 DD 77 F8         [19]  685 	ld	-8 (ix), a
    000001B4 DD 7E FD         [19]  686 	ld	a, -3 (ix)
    000001B7 CE 00            [ 7]  687 	adc	a, #0x00
    000001B9 DD 77 F9         [19]  688 	ld	-7 (ix), a
    000001BC DD 7E F8         [19]  689 	ld	a, -8 (ix)
    000001BF DD 77 FC         [19]  690 	ld	-4 (ix), a
    000001C2 DD 7E F9         [19]  691 	ld	a, -7 (ix)
    000001C5 DD 77 FD         [19]  692 	ld	-3 (ix), a
    000001C8 C3rEAr01         [10]  693 	jp	00103$
    000001CB                        694 00102$:
                                    695 ;C:\msx\engine/src/draw.c:86: dy = y2;
    000001CB DD 7E 05         [19]  696 	ld	a, 5 (ix)
    000001CE DD 77 FA         [19]  697 	ld	-6 (ix), a
    000001D1 DD 36 FB 00      [19]  698 	ld	-5 (ix), #0x00
                                    699 ;C:\msx\engine/src/draw.c:87: ny = y1 - y2 + 1;
    000001D5 DD 7E F8         [19]  700 	ld	a, -8 (ix)
    000001D8 DD 96 F6         [19]  701 	sub	a, -10 (ix)
    000001DB 4F               [ 4]  702 	ld	c, a
    000001DC DD 7E F9         [19]  703 	ld	a, -7 (ix)
    000001DF DD 9E F7         [19]  704 	sbc	a, -9 (ix)
    000001E2 47               [ 4]  705 	ld	b, a
    000001E3 03               [ 6]  706 	inc	bc
    000001E4 DD 71 FC         [19]  707 	ld	-4 (ix), c
    000001E7 DD 70 FD         [19]  708 	ld	-3 (ix), b
    000001EA                        709 00103$:
                                    710 ;C:\msx\engine/src/draw.c:89: VDP_CommandLMMV(x, dy, 1, ny, color, op);	
    000001EA DD 4E 07         [19]  711 	ld	c, 7 (ix)
    000001ED DD 46 06         [19]  712 	ld	b, 6 (ix)
                                    713 ;C:\msx\engine/src/vdp_inl.h:298: g_VDP_Command.DX = dx; 
    000001F0 21r04r00         [10]  714 	ld	hl, #(_g_VDP_Command + 4)
    000001F3 DD 7E FE         [19]  715 	ld	a, -2 (ix)
    000001F6 77               [ 7]  716 	ld	(hl), a
    000001F7 23               [ 6]  717 	inc	hl
    000001F8 DD 7E FF         [19]  718 	ld	a, -1 (ix)
    000001FB 77               [ 7]  719 	ld	(hl), a
                                    720 ;C:\msx\engine/src/vdp_inl.h:299: g_VDP_Command.DY = dy; 
    000001FC 21r06r00         [10]  721 	ld	hl, #(_g_VDP_Command + 6)
    000001FF DD 7E FA         [19]  722 	ld	a, -6 (ix)
    00000202 77               [ 7]  723 	ld	(hl), a
    00000203 23               [ 6]  724 	inc	hl
    00000204 DD 7E FB         [19]  725 	ld	a, -5 (ix)
    00000207 77               [ 7]  726 	ld	(hl), a
                                    727 ;C:\msx\engine/src/vdp_inl.h:300: g_VDP_Command.NX = nx; 
    00000208 21 01 00         [10]  728 	ld	hl, #0x0001
    0000020B 22r08r00         [16]  729 	ld	((_g_VDP_Command + 8)), hl
                                    730 ;C:\msx\engine/src/vdp_inl.h:301: g_VDP_Command.NY = ny; 
    0000020E 21r0Ar00         [10]  731 	ld	hl, #(_g_VDP_Command + 10)
    00000211 DD 7E FC         [19]  732 	ld	a, -4 (ix)
    00000214 77               [ 7]  733 	ld	(hl), a
    00000215 23               [ 6]  734 	inc	hl
    00000216 DD 7E FD         [19]  735 	ld	a, -3 (ix)
    00000219 77               [ 7]  736 	ld	(hl), a
                                    737 ;C:\msx\engine/src/vdp_inl.h:302: g_VDP_Command.CLR = col; 
    0000021A 21r0Cr00         [10]  738 	ld	hl, #(_g_VDP_Command + 12)
    0000021D 70               [ 7]  739 	ld	(hl), b
                                    740 ;C:\msx\engine/src/vdp_inl.h:303: g_VDP_Command.ARG = arg; 
    0000021E 11r0Dr00         [10]  741 	ld	de, #_g_VDP_Command + 13
    00000221 AF               [ 4]  742 	xor	a, a
    00000222 12               [ 7]  743 	ld	(de), a
                                    744 ;C:\msx\engine/src/vdp_inl.h:304: g_VDP_Command.CMD = VDP_CMD_LMMV + op;
    00000223 79               [ 4]  745 	ld	a, c
    00000224 C6 80            [ 7]  746 	add	a, #0x80
    00000226 32r0Er00         [13]  747 	ld	(#(_g_VDP_Command + 14)),a
                                    748 ;C:\msx\engine/src/vdp_inl.h:305: VPD_CommandSetupR36();
    00000229 CDr00r00         [17]  749 	call	_VPD_CommandSetupR36
                                    750 ;C:\msx\engine/src/draw.c:89: VDP_CommandLMMV(x, dy, 1, ny, color, op);	
                                    751 ;C:\msx\engine/src/draw.c:90: }
    0000022C DD F9            [10]  752 	ld	sp, ix
    0000022E DD E1            [14]  753 	pop	ix
    00000230 E1               [10]  754 	pop	hl
    00000231 F1               [10]  755 	pop	af
    00000232 F1               [10]  756 	pop	af
    00000233 E9               [ 4]  757 	jp	(hl)
                                    758 ;C:\msx\engine/src/draw.c:94: void Draw_Box(UX x1, UY y1, UX x2, UY y2, u8 color, u8 op)
                                    759 ;	---------------------------------
                                    760 ; Function Draw_Box
                                    761 ; ---------------------------------
    00000234                        762 _Draw_Box::
    00000234 DD E5            [15]  763 	push	ix
    00000236 DD 21 00 00      [14]  764 	ld	ix,#0
    0000023A DD 39            [15]  765 	add	ix,sp
                                    766 ;C:\msx\engine/src/draw.c:96: Draw_LineH(x1, x2, y1, color, op);
    0000023C E5               [11]  767 	push	hl
    0000023D DD 56 09         [19]  768 	ld	d, 9 (ix)
    00000240 DD 5E 08         [19]  769 	ld	e, 8 (ix)
    00000243 D5               [11]  770 	push	de
    00000244 DD 7E 04         [19]  771 	ld	a, 4 (ix)
    00000247 F5               [11]  772 	push	af
    00000248 33               [ 6]  773 	inc	sp
    00000249 DD 5E 05         [19]  774 	ld	e, 5 (ix)
    0000024C DD 56 06         [19]  775 	ld	d, 6 (ix)
    0000024F CDrEEr00         [17]  776 	call	_Draw_LineH
    00000252 E1               [10]  777 	pop	hl
                                    778 ;C:\msx\engine/src/draw.c:97: Draw_LineH(x1, x2, y2, color, op);
    00000253 E5               [11]  779 	push	hl
    00000254 DD 56 09         [19]  780 	ld	d, 9 (ix)
    00000257 DD 5E 08         [19]  781 	ld	e, 8 (ix)
    0000025A D5               [11]  782 	push	de
    0000025B DD 7E 07         [19]  783 	ld	a, 7 (ix)
    0000025E F5               [11]  784 	push	af
    0000025F 33               [ 6]  785 	inc	sp
    00000260 DD 5E 05         [19]  786 	ld	e, 5 (ix)
    00000263 DD 56 06         [19]  787 	ld	d, 6 (ix)
    00000266 CDrEEr00         [17]  788 	call	_Draw_LineH
    00000269 E1               [10]  789 	pop	hl
                                    790 ;C:\msx\engine/src/draw.c:98: Draw_LineV(x1, y1, y2, color, op);
    0000026A DD 56 09         [19]  791 	ld	d, 9 (ix)
    0000026D DD 5E 08         [19]  792 	ld	e, 8 (ix)
    00000270 D5               [11]  793 	push	de
    00000271 DD 56 07         [19]  794 	ld	d, 7 (ix)
    00000274 DD 5E 04         [19]  795 	ld	e, 4 (ix)
    00000277 D5               [11]  796 	push	de
    00000278 CDr5Er01         [17]  797 	call	_Draw_LineV
                                    798 ;C:\msx\engine/src/draw.c:99: Draw_LineV(x2, y1, y2, color, op);
    0000027B DD 66 09         [19]  799 	ld	h, 9 (ix)
    0000027E DD 6E 08         [19]  800 	ld	l, 8 (ix)
    00000281 E5               [11]  801 	push	hl
    00000282 DD 66 07         [19]  802 	ld	h, 7 (ix)
    00000285 DD 6E 04         [19]  803 	ld	l, 4 (ix)
    00000288 E5               [11]  804 	push	hl
    00000289 DD 6E 05         [19]  805 	ld	l, 5 (ix)
                                    806 ;	spillPairReg hl
                                    807 ;	spillPairReg hl
    0000028C DD 66 06         [19]  808 	ld	h, 6 (ix)
                                    809 ;	spillPairReg hl
                                    810 ;	spillPairReg hl
    0000028F CDr5Er01         [17]  811 	call	_Draw_LineV
                                    812 ;C:\msx\engine/src/draw.c:100: }
    00000292 DD E1            [14]  813 	pop	ix
    00000294 E1               [10]  814 	pop	hl
    00000295 F1               [10]  815 	pop	af
    00000296 F1               [10]  816 	pop	af
    00000297 F1               [10]  817 	pop	af
    00000298 E9               [ 4]  818 	jp	(hl)
                                    819 ;C:\msx\engine/src/draw.c:104: void Draw_FillBox(UX x1, UY y1, UX x2, UY y2, u8 color, u8 op)
                                    820 ;	---------------------------------
                                    821 ; Function Draw_FillBox
                                    822 ; ---------------------------------
    00000299                        823 _Draw_FillBox::
    00000299 DD E5            [15]  824 	push	ix
    0000029B DD 21 00 00      [14]  825 	ld	ix,#0
    0000029F DD 39            [15]  826 	add	ix,sp
    000002A1 F5               [11]  827 	push	af
    000002A2 F5               [11]  828 	push	af
    000002A3 F5               [11]  829 	push	af
    000002A4 EB               [ 4]  830 	ex	de, hl
                                    831 ;C:\msx\engine/src/draw.c:106: VDP_CommandLMMV(x1, y1, x2 - x1 + 1, y2 - y1 + 1, color, op);	
    000002A5 DD 7E 09         [19]  832 	ld	a, 9 (ix)
    000002A8 DD 77 FA         [19]  833 	ld	-6 (ix), a
    000002AB DD 7E 08         [19]  834 	ld	a, 8 (ix)
    000002AE DD 77 FB         [19]  835 	ld	-5 (ix), a
    000002B1 DD 6E 07         [19]  836 	ld	l, 7 (ix)
                                    837 ;	spillPairReg hl
                                    838 ;	spillPairReg hl
    000002B4 26 00            [ 7]  839 	ld	h, #0x00
                                    840 ;	spillPairReg hl
                                    841 ;	spillPairReg hl
    000002B6 DD 4E 04         [19]  842 	ld	c, 4 (ix)
    000002B9 06 00            [ 7]  843 	ld	b, #0x00
    000002BB BF               [ 4]  844 	cp	a, a
    000002BC ED 42            [15]  845 	sbc	hl, bc
    000002BE 23               [ 6]  846 	inc	hl
    000002BF DD 75 FC         [19]  847 	ld	-4 (ix), l
    000002C2 DD 74 FD         [19]  848 	ld	-3 (ix), h
    000002C5 DD 7E 05         [19]  849 	ld	a, 5 (ix)
    000002C8 93               [ 4]  850 	sub	a, e
    000002C9 4F               [ 4]  851 	ld	c, a
    000002CA DD 7E 06         [19]  852 	ld	a, 6 (ix)
    000002CD 9A               [ 4]  853 	sbc	a, d
    000002CE 47               [ 4]  854 	ld	b, a
    000002CF 03               [ 6]  855 	inc	bc
    000002D0 DD 7E 04         [19]  856 	ld	a, 4 (ix)
    000002D3 DD 77 FE         [19]  857 	ld	-2 (ix), a
    000002D6 DD 36 FF 00      [19]  858 	ld	-1 (ix), #0x00
                                    859 ;C:\msx\engine/src/vdp_inl.h:298: g_VDP_Command.DX = dx; 
    000002DA ED 53r04r00      [20]  860 	ld	((_g_VDP_Command + 4)), de
                                    861 ;C:\msx\engine/src/vdp_inl.h:299: g_VDP_Command.DY = dy; 
    000002DE 21r06r00         [10]  862 	ld	hl, #(_g_VDP_Command + 6)
    000002E1 DD 7E FE         [19]  863 	ld	a, -2 (ix)
    000002E4 77               [ 7]  864 	ld	(hl), a
    000002E5 23               [ 6]  865 	inc	hl
    000002E6 DD 7E FF         [19]  866 	ld	a, -1 (ix)
    000002E9 77               [ 7]  867 	ld	(hl), a
                                    868 ;C:\msx\engine/src/vdp_inl.h:300: g_VDP_Command.NX = nx; 
    000002EA ED 43r08r00      [20]  869 	ld	((_g_VDP_Command + 8)), bc
                                    870 ;C:\msx\engine/src/vdp_inl.h:301: g_VDP_Command.NY = ny; 
    000002EE 21r0Ar00         [10]  871 	ld	hl, #(_g_VDP_Command + 10)
    000002F1 DD 7E FC         [19]  872 	ld	a, -4 (ix)
    000002F4 77               [ 7]  873 	ld	(hl), a
    000002F5 23               [ 6]  874 	inc	hl
    000002F6 DD 7E FD         [19]  875 	ld	a, -3 (ix)
    000002F9 77               [ 7]  876 	ld	(hl), a
                                    877 ;C:\msx\engine/src/vdp_inl.h:302: g_VDP_Command.CLR = col; 
    000002FA 21r0Cr00         [10]  878 	ld	hl, #(_g_VDP_Command + 12)
    000002FD DD 7E FB         [19]  879 	ld	a, -5 (ix)
    00000300 77               [ 7]  880 	ld	(hl), a
                                    881 ;C:\msx\engine/src/vdp_inl.h:303: g_VDP_Command.ARG = arg; 
    00000301 21r0Dr00         [10]  882 	ld	hl, #(_g_VDP_Command + 13)
    00000304 36 00            [10]  883 	ld	(hl), #0x00
                                    884 ;C:\msx\engine/src/vdp_inl.h:304: g_VDP_Command.CMD = VDP_CMD_LMMV + op;
    00000306 01r0Er00         [10]  885 	ld	bc, #_g_VDP_Command + 14
    00000309 DD 7E FA         [19]  886 	ld	a, -6 (ix)
    0000030C C6 80            [ 7]  887 	add	a, #0x80
    0000030E 02               [ 7]  888 	ld	(bc), a
                                    889 ;C:\msx\engine/src/vdp_inl.h:305: VPD_CommandSetupR36();
    0000030F CDr00r00         [17]  890 	call	_VPD_CommandSetupR36
                                    891 ;C:\msx\engine/src/draw.c:106: VDP_CommandLMMV(x1, y1, x2 - x1 + 1, y2 - y1 + 1, color, op);	
                                    892 ;C:\msx\engine/src/draw.c:107: }
    00000312 DD F9            [10]  893 	ld	sp, ix
    00000314 DD E1            [14]  894 	pop	ix
    00000316 E1               [10]  895 	pop	hl
    00000317 F1               [10]  896 	pop	af
    00000318 F1               [10]  897 	pop	af
    00000319 F1               [10]  898 	pop	af
    0000031A E9               [ 4]  899 	jp	(hl)
                                    900 ;C:\msx\engine/src/draw.c:112: void Draw_Circle(UX dx, UY dy, u8 radius, u8 color, u8 op)
                                    901 ;	---------------------------------
                                    902 ; Function Draw_Circle
                                    903 ; ---------------------------------
    0000031B                        904 _Draw_Circle::
    0000031B DD E5            [15]  905 	push	ix
    0000031D DD 21 00 00      [14]  906 	ld	ix,#0
    00000321 DD 39            [15]  907 	add	ix,sp
    00000323 FD 21 F1 FF      [14]  908 	ld	iy, #-15
    00000327 FD 39            [15]  909 	add	iy, sp
    00000329 FD F9            [10]  910 	ld	sp, iy
    0000032B DD 75 FB         [19]  911 	ld	-5 (ix), l
    0000032E DD 74 FC         [19]  912 	ld	-4 (ix), h
                                    913 ;C:\msx\engine/src/draw.c:114: USX x = radius;
    00000331 DD 7E 05         [19]  914 	ld	a, 5 (ix)
    00000334 DD 77 FD         [19]  915 	ld	-3 (ix), a
    00000337 DD 36 FE 00      [19]  916 	ld	-2 (ix), #0x00
                                    917 ;C:\msx\engine/src/draw.c:116: USX e = 0;
    0000033B 21 00 00         [10]  918 	ld	hl, #0x0000
    0000033E E3               [19]  919 	ex	(sp), hl
                                    920 ;C:\msx\engine/src/draw.c:118: while(1)
    0000033F DD 36 FF 00      [19]  921 	ld	-1 (ix), #0x00
    00000343                        922 00106$:
                                    923 ;C:\msx\engine/src/draw.c:121: g_VDP_Command.DX = dx + x;
    00000343 DD 7E FD         [19]  924 	ld	a, -3 (ix)
    00000346 DD 77 F3         [19]  925 	ld	-13 (ix), a
    00000349 DD 7E FE         [19]  926 	ld	a, -2 (ix)
    0000034C DD 77 F4         [19]  927 	ld	-12 (ix), a
    0000034F DD 7E FB         [19]  928 	ld	a, -5 (ix)
    00000352 DD 86 F3         [19]  929 	add	a, -13 (ix)
    00000355 DD 77 F9         [19]  930 	ld	-7 (ix), a
    00000358 DD 7E FC         [19]  931 	ld	a, -4 (ix)
    0000035B DD 8E F4         [19]  932 	adc	a, -12 (ix)
    0000035E DD 77 FA         [19]  933 	ld	-6 (ix), a
    00000361 21r04r00         [10]  934 	ld	hl, #(_g_VDP_Command + 4)
    00000364 DD 7E F9         [19]  935 	ld	a, -7 (ix)
    00000367 77               [ 7]  936 	ld	(hl), a
    00000368 23               [ 6]  937 	inc	hl
    00000369 DD 7E FA         [19]  938 	ld	a, -6 (ix)
    0000036C 77               [ 7]  939 	ld	(hl), a
                                    940 ;C:\msx\engine/src/draw.c:122: g_VDP_Command.DY = dy + y;
    0000036D DD 7E 04         [19]  941 	ld	a, 4 (ix)
    00000370 DD 77 F5         [19]  942 	ld	-11 (ix), a
    00000373 DD 36 F6 00      [19]  943 	ld	-10 (ix), #0x00
    00000377 DD 7E FF         [19]  944 	ld	a, -1 (ix)
    0000037A DD 77 F7         [19]  945 	ld	-9 (ix), a
    0000037D 07               [ 4]  946 	rlca
    0000037E 9F               [ 4]  947 	sbc	a, a
    0000037F DD 77 F8         [19]  948 	ld	-8 (ix), a
    00000382 DD 7E F5         [19]  949 	ld	a, -11 (ix)
    00000385 DD 86 F7         [19]  950 	add	a, -9 (ix)
    00000388 DD 77 F9         [19]  951 	ld	-7 (ix), a
    0000038B DD 7E F6         [19]  952 	ld	a, -10 (ix)
    0000038E DD 8E F8         [19]  953 	adc	a, -8 (ix)
    00000391 DD 77 FA         [19]  954 	ld	-6 (ix), a
    00000394 21r06r00         [10]  955 	ld	hl, #(_g_VDP_Command + 6)
    00000397 DD 7E F9         [19]  956 	ld	a, -7 (ix)
    0000039A 77               [ 7]  957 	ld	(hl), a
    0000039B 23               [ 6]  958 	inc	hl
    0000039C DD 7E FA         [19]  959 	ld	a, -6 (ix)
    0000039F 77               [ 7]  960 	ld	(hl), a
                                    961 ;C:\msx\engine/src/draw.c:123: g_VDP_Command.CLR = color;
    000003A0 21r0Cr00         [10]  962 	ld	hl, #(_g_VDP_Command + 12)
    000003A3 DD 7E 06         [19]  963 	ld	a, 6 (ix)
    000003A6 77               [ 7]  964 	ld	(hl), a
                                    965 ;C:\msx\engine/src/draw.c:124: g_VDP_Command.ARG = 0;
    000003A7 21r0Dr00         [10]  966 	ld	hl, #(_g_VDP_Command + 13)
    000003AA 36 00            [10]  967 	ld	(hl), #0x00
                                    968 ;C:\msx\engine/src/draw.c:125: g_VDP_Command.CMD = VDP_CMD_PSET + op;
    000003AC 01r0Er00         [10]  969 	ld	bc, #_g_VDP_Command + 14
    000003AF DD 7E 07         [19]  970 	ld	a, 7 (ix)
    000003B2 C6 50            [ 7]  971 	add	a, #0x50
    000003B4 02               [ 7]  972 	ld	(bc), a
                                    973 ;C:\msx\engine/src/draw.c:126: VPD_CommandSetupR36();
    000003B5 CDr00r00         [17]  974 	call	_VPD_CommandSetupR36
                                    975 ;C:\msx\engine/src/draw.c:128: g_VDP_Command.DY = dy - y;
    000003B8 DD 7E F5         [19]  976 	ld	a, -11 (ix)
    000003BB DD 96 F7         [19]  977 	sub	a, -9 (ix)
    000003BE 4F               [ 4]  978 	ld	c, a
    000003BF DD 7E F6         [19]  979 	ld	a, -10 (ix)
    000003C2 DD 9E F8         [19]  980 	sbc	a, -8 (ix)
    000003C5 47               [ 4]  981 	ld	b, a
    000003C6 ED 43r06r00      [20]  982 	ld	((_g_VDP_Command + 6)), bc
                                    983 ;C:\msx\engine/src/draw.c:129: VPD_CommandSetupR36();
    000003CA CDr00r00         [17]  984 	call	_VPD_CommandSetupR36
                                    985 ;C:\msx\engine/src/draw.c:131: g_VDP_Command.DX = dx - x;
    000003CD DD 7E FB         [19]  986 	ld	a, -5 (ix)
    000003D0 DD 96 F3         [19]  987 	sub	a, -13 (ix)
    000003D3 4F               [ 4]  988 	ld	c, a
    000003D4 DD 7E FC         [19]  989 	ld	a, -4 (ix)
    000003D7 DD 9E F4         [19]  990 	sbc	a, -12 (ix)
    000003DA 47               [ 4]  991 	ld	b, a
    000003DB ED 43r04r00      [20]  992 	ld	((_g_VDP_Command + 4)), bc
                                    993 ;C:\msx\engine/src/draw.c:132: VPD_CommandSetupR36();
    000003DF CDr00r00         [17]  994 	call	_VPD_CommandSetupR36
                                    995 ;C:\msx\engine/src/draw.c:134: g_VDP_Command.DY = dy + y;
    000003E2 21r06r00         [10]  996 	ld	hl, #(_g_VDP_Command + 6)
    000003E5 DD 7E F9         [19]  997 	ld	a, -7 (ix)
    000003E8 77               [ 7]  998 	ld	(hl), a
    000003E9 23               [ 6]  999 	inc	hl
    000003EA DD 7E FA         [19] 1000 	ld	a, -6 (ix)
    000003ED 77               [ 7] 1001 	ld	(hl), a
                                   1002 ;C:\msx\engine/src/draw.c:135: VPD_CommandSetupR36();
    000003EE CDr00r00         [17] 1003 	call	_VPD_CommandSetupR36
                                   1004 ;C:\msx\engine/src/draw.c:137: g_VDP_Command.DX = dx + y;
    000003F1 DD 4E FB         [19] 1005 	ld	c, -5 (ix)
    000003F4 DD 46 FC         [19] 1006 	ld	b, -4 (ix)
    000003F7 DD 7E F7         [19] 1007 	ld	a, -9 (ix)
    000003FA DD 77 F9         [19] 1008 	ld	-7 (ix), a
    000003FD DD 7E F8         [19] 1009 	ld	a, -8 (ix)
    00000400 DD 77 FA         [19] 1010 	ld	-6 (ix), a
    00000403 DD 6E F9         [19] 1011 	ld	l, -7 (ix)
    00000406 DD 66 FA         [19] 1012 	ld	h, -6 (ix)
    00000409 09               [11] 1013 	add	hl, bc
    0000040A EB               [ 4] 1014 	ex	de, hl
    0000040B ED 53r04r00      [20] 1015 	ld	((_g_VDP_Command + 4)), de
                                   1016 ;C:\msx\engine/src/draw.c:138: g_VDP_Command.DY = dy + x;
    0000040F DD 5E F5         [19] 1017 	ld	e, -11 (ix)
    00000412 DD 56 F6         [19] 1018 	ld	d, -10 (ix)
    00000415 7B               [ 4] 1019 	ld	a, e
    00000416 DD 86 FD         [19] 1020 	add	a, -3 (ix)
    00000419 DD 77 F5         [19] 1021 	ld	-11 (ix), a
    0000041C 7A               [ 4] 1022 	ld	a, d
    0000041D DD 8E FE         [19] 1023 	adc	a, -2 (ix)
    00000420 DD 77 F6         [19] 1024 	ld	-10 (ix), a
    00000423 21r06r00         [10] 1025 	ld	hl, #(_g_VDP_Command + 6)
    00000426 DD 7E F5         [19] 1026 	ld	a, -11 (ix)
    00000429 77               [ 7] 1027 	ld	(hl), a
    0000042A 23               [ 6] 1028 	inc	hl
    0000042B DD 7E F6         [19] 1029 	ld	a, -10 (ix)
    0000042E 77               [ 7] 1030 	ld	(hl), a
                                   1031 ;C:\msx\engine/src/draw.c:139: VPD_CommandSetupR36();
    0000042F C5               [11] 1032 	push	bc
    00000430 D5               [11] 1033 	push	de
    00000431 CDr00r00         [17] 1034 	call	_VPD_CommandSetupR36
    00000434 D1               [10] 1035 	pop	de
    00000435 C1               [10] 1036 	pop	bc
                                   1037 ;C:\msx\engine/src/draw.c:141: g_VDP_Command.DY = dy - x;
    00000436 7B               [ 4] 1038 	ld	a, e
    00000437 DD 96 FD         [19] 1039 	sub	a, -3 (ix)
    0000043A 5F               [ 4] 1040 	ld	e, a
    0000043B 7A               [ 4] 1041 	ld	a, d
    0000043C DD 9E FE         [19] 1042 	sbc	a, -2 (ix)
    0000043F 57               [ 4] 1043 	ld	d, a
    00000440 ED 53r06r00      [20] 1044 	ld	((_g_VDP_Command + 6)), de
                                   1045 ;C:\msx\engine/src/draw.c:142: VPD_CommandSetupR36();
    00000444 C5               [11] 1046 	push	bc
    00000445 CDr00r00         [17] 1047 	call	_VPD_CommandSetupR36
    00000448 C1               [10] 1048 	pop	bc
                                   1049 ;C:\msx\engine/src/draw.c:144: g_VDP_Command.DX = dx - y;
    00000449 79               [ 4] 1050 	ld	a, c
    0000044A DD 96 F9         [19] 1051 	sub	a, -7 (ix)
    0000044D 4F               [ 4] 1052 	ld	c, a
    0000044E 78               [ 4] 1053 	ld	a, b
    0000044F DD 9E FA         [19] 1054 	sbc	a, -6 (ix)
    00000452 47               [ 4] 1055 	ld	b, a
    00000453 ED 43r04r00      [20] 1056 	ld	((_g_VDP_Command + 4)), bc
                                   1057 ;C:\msx\engine/src/draw.c:145: VPD_CommandSetupR36();
    00000457 CDr00r00         [17] 1058 	call	_VPD_CommandSetupR36
                                   1059 ;C:\msx\engine/src/draw.c:147: g_VDP_Command.DY = dy + x;
    0000045A 21r06r00         [10] 1060 	ld	hl, #(_g_VDP_Command + 6)
    0000045D DD 7E F5         [19] 1061 	ld	a, -11 (ix)
    00000460 77               [ 7] 1062 	ld	(hl), a
    00000461 23               [ 6] 1063 	inc	hl
    00000462 DD 7E F6         [19] 1064 	ld	a, -10 (ix)
    00000465 77               [ 7] 1065 	ld	(hl), a
                                   1066 ;C:\msx\engine/src/draw.c:148: VPD_CommandSetupR36();
    00000466 CDr00r00         [17] 1067 	call	_VPD_CommandSetupR36
                                   1068 ;C:\msx\engine/src/draw.c:150: if (x <= y)
    00000469 DD 7E FF         [19] 1069 	ld	a, -1 (ix)
    0000046C 4F               [ 4] 1070 	ld	c, a
    0000046D 07               [ 4] 1071 	rlca
    0000046E 9F               [ 4] 1072 	sbc	a, a
    0000046F 47               [ 4] 1073 	ld	b, a
    00000470 79               [ 4] 1074 	ld	a, c
    00000471 DD 96 FD         [19] 1075 	sub	a, -3 (ix)
    00000474 78               [ 4] 1076 	ld	a, b
    00000475 DD 9E FE         [19] 1077 	sbc	a, -2 (ix)
    00000478 E2r7Dr04         [10] 1078 	jp	PO, 00126$
    0000047B EE 80            [ 7] 1079 	xor	a, #0x80
    0000047D                       1080 00126$:
    0000047D F2rC5r04         [10] 1081 	jp	P, 00108$
                                   1082 ;C:\msx\engine/src/draw.c:152: e += (2 * y) + 1;
    00000480 DD 6E F7         [19] 1083 	ld	l, -9 (ix)
    00000483 DD 66 F8         [19] 1084 	ld	h, -8 (ix)
    00000486 29               [11] 1085 	add	hl, hl
    00000487 23               [ 6] 1086 	inc	hl
    00000488 C1               [10] 1087 	pop	bc
    00000489 C5               [11] 1088 	push	bc
    0000048A 09               [11] 1089 	add	hl, bc
    0000048B E3               [19] 1090 	ex	(sp), hl
                                   1091 ;C:\msx\engine/src/draw.c:153: y++;
    0000048C DD 34 FF         [23] 1092 	inc	-1 (ix)
                                   1093 ;C:\msx\engine/src/draw.c:154: if (e > x)
    0000048F DD 7E FD         [19] 1094 	ld	a, -3 (ix)
    00000492 DD 96 F1         [19] 1095 	sub	a, -15 (ix)
    00000495 DD 7E FE         [19] 1096 	ld	a, -2 (ix)
    00000498 DD 9E F2         [19] 1097 	sbc	a, -14 (ix)
    0000049B E2rA0r04         [10] 1098 	jp	PO, 00127$
    0000049E EE 80            [ 7] 1099 	xor	a, #0x80
    000004A0                       1100 00127$:
    000004A0 F2r43r03         [10] 1101 	jp	P, 00106$
                                   1102 ;C:\msx\engine/src/draw.c:156: e += 1 - (2 * x);
    000004A3 DD 6E FD         [19] 1103 	ld	l, -3 (ix)
                                   1104 ;	spillPairReg hl
                                   1105 ;	spillPairReg hl
    000004A6 DD 66 FE         [19] 1106 	ld	h, -2 (ix)
                                   1107 ;	spillPairReg hl
                                   1108 ;	spillPairReg hl
    000004A9 29               [11] 1109 	add	hl, hl
    000004AA 3E 01            [ 7] 1110 	ld	a, #0x01
    000004AC 95               [ 4] 1111 	sub	a, l
    000004AD 4F               [ 4] 1112 	ld	c, a
    000004AE 9F               [ 4] 1113 	sbc	a, a
    000004AF 94               [ 4] 1114 	sub	a, h
    000004B0 47               [ 4] 1115 	ld	b, a
    000004B1 E1               [10] 1116 	pop	hl
    000004B2 E5               [11] 1117 	push	hl
    000004B3 09               [11] 1118 	add	hl, bc
    000004B4 E3               [19] 1119 	ex	(sp), hl
                                   1120 ;C:\msx\engine/src/draw.c:157: x--;
    000004B5 DD 6E FD         [19] 1121 	ld	l, -3 (ix)
    000004B8 DD 66 FE         [19] 1122 	ld	h, -2 (ix)
    000004BB 2B               [ 6] 1123 	dec	hl
    000004BC DD 75 FD         [19] 1124 	ld	-3 (ix), l
    000004BF DD 74 FE         [19] 1125 	ld	-2 (ix), h
    000004C2 C3r43r03         [10] 1126 	jp	00106$
    000004C5                       1127 00108$:
                                   1128 ;C:\msx\engine/src/draw.c:160: }
    000004C5 DD F9            [10] 1129 	ld	sp, ix
    000004C7 DD E1            [14] 1130 	pop	ix
    000004C9 E1               [10] 1131 	pop	hl
    000004CA F1               [10] 1132 	pop	af
    000004CB F1               [10] 1133 	pop	af
    000004CC E9               [ 4] 1134 	jp	(hl)
                                   1135 	.area _CODE
                                   1136 	.area _INITIALIZER
                                   1137 	.area _CABS (ABS)
