                                      1 ;--------------------------------------------------------
                                      2 ; File Created by SDCC : free open source ANSI-C Compiler
                                      3 ; Version 4.2.0 #13081 (MINGW64)
                                      4 ;--------------------------------------------------------
                                      5 	.module input
                                      6 	.optsdcc -mz80
                                      7 	
                                      8 ;--------------------------------------------------------
                                      9 ; Public variables in this module
                                     10 ;--------------------------------------------------------
                                     11 	.globl _Input_Detect
                                     12 	.globl _g_InputBufferOld
                                     13 	.globl _g_InputBufferNew
                                     14 	.globl _g_SLTSL
                                     15 	.globl _g_GRPACY
                                     16 	.globl _g_GRPACX
                                     17 	.globl _g_LOGOPR
                                     18 	.globl _g_CMASK
                                     19 	.globl _g_CLOC
                                     20 	.globl _g_FNKSTR
                                     21 	.globl _g_ATRBYT
                                     22 	.globl _g_BDRCLR
                                     23 	.globl _g_BAKCLR
                                     24 	.globl _g_FORCLR
                                     25 	.globl _g_CSRX
                                     26 	.globl _g_CSRY
                                     27 	.globl _g_CLIKSW
                                     28 	.globl _g_MLTPAT
                                     29 	.globl _g_MLTATR
                                     30 	.globl _g_MLTCGP
                                     31 	.globl _g_MLTCOL
                                     32 	.globl _g_MLTNAM
                                     33 	.globl _g_GRPPAT
                                     34 	.globl _g_GRPATR
                                     35 	.globl _g_GRPCGP
                                     36 	.globl _g_GRPCOL
                                     37 	.globl _g_GRPNAM
                                     38 	.globl _g_T32PAT
                                     39 	.globl _g_T32ATR
                                     40 	.globl _g_T32CGP
                                     41 	.globl _g_T32COL
                                     42 	.globl _g_T32NAM
                                     43 	.globl _g_TXTPAT
                                     44 	.globl _g_TXTATR
                                     45 	.globl _g_TXTCGP
                                     46 	.globl _g_TXTCOL
                                     47 	.globl _g_TXTNAM
                                     48 	.globl _g_CLMLST
                                     49 	.globl _g_CRTCNT
                                     50 	.globl _g_LINLEN
                                     51 	.globl _g_LINL32
                                     52 	.globl _g_LINL40
                                     53 	.globl _g_SVFFFD
                                     54 	.globl _g_RG27SAV
                                     55 	.globl _g_RG26SAV
                                     56 	.globl _g_RG25SAV
                                     57 	.globl _g_SVFFF8
                                     58 	.globl _g_MINROM
                                     59 	.globl _g_RG23SAV
                                     60 	.globl _g_RG22SAV
                                     61 	.globl _g_RG21SAV
                                     62 	.globl _g_RG20SAV
                                     63 	.globl _g_RG19SAV
                                     64 	.globl _g_RG18SAV
                                     65 	.globl _g_RG17SAV
                                     66 	.globl _g_RG16SAV
                                     67 	.globl _g_RG15SAV
                                     68 	.globl _g_RG14SAV
                                     69 	.globl _g_RG13SAV
                                     70 	.globl _g_RG12SAV
                                     71 	.globl _g_RG11SAV
                                     72 	.globl _g_RG10SAV
                                     73 	.globl _g_RG09SAV
                                     74 	.globl _g_RG08SAV
                                     75 	.globl _g_PROCNM
                                     76 	.globl _g_SLTWRK
                                     77 	.globl _g_SLTATR
                                     78 	.globl _g_SLTTBL
                                     79 	.globl _g_EXPTBL
                                     80 	.globl _g_MNROM
                                     81 	.globl _g_DRWANG
                                     82 	.globl _g_DRWSCL
                                     83 	.globl _g_DRWFLG
                                     84 	.globl _g_GYPOS
                                     85 	.globl _g_GXPOS
                                     86 	.globl _g_BRDATR
                                     87 	.globl _g_CASPRV
                                     88 	.globl _g_OLDSCR
                                     89 	.globl _g_SCRMOD
                                     90 	.globl _g_FLBMEM
                                     91 	.globl _g_KANAMD
                                     92 	.globl _g_KANAST
                                     93 	.globl _g_CAPST
                                     94 	.globl _g_CSTYLE
                                     95 	.globl _g_CSRSW
                                     96 	.globl _g_INSFLG
                                     97 	.globl _g_ESCCNT
                                     98 	.globl _g_GRPHED
                                     99 	.globl _g_WINWID
                                    100 	.globl _g_LOWLIM
                                    101 	.globl _g_INTCNT
                                    102 	.globl _g_INTVAL
                                    103 	.globl _g_JIFFY
                                    104 	.globl _g_PADX
                                    105 	.globl _g_PADY
                                    106 	.globl _g_INTFLG
                                    107 	.globl _g_RTYCNT
                                    108 	.globl _g_TRPTBL
                                    109 	.globl _g_HIMEM
                                    110 	.globl _g_BOTTOM
                                    111 	.globl _g_PATWRK
                                    112 	.globl _g_LINWRK
                                    113 	.globl _g_KEYBUF
                                    114 	.globl _g_NEWKEY
                                    115 	.globl _g_OLDKEY
                                    116 	.globl _g_CLIKFL
                                    117 	.globl _g_ONGSBF
                                    118 	.globl _g_FNKFLG
                                    119 	.globl _g_FNKSWI
                                    120 	.globl _g_CODSAV
                                    121 	.globl _g_FSTPOS
                                    122 	.globl _g_LINTTB
                                    123 	.globl _g_BASROM
                                    124 	.globl _g_ENSTOP
                                    125 	.globl _g_VCBC
                                    126 	.globl _g_VCBB
                                    127 	.globl _g_VCBA
                                    128 	.globl _g_PLYCNT
                                    129 	.globl _g_MUSICF
                                    130 	.globl _g_QUEUEN
                                    131 	.globl _g_MCLPTR
                                    132 	.globl _g_MCLLEN
                                    133 	.globl _g_SAVVOL
                                    134 	.globl _g_VOICEN
                                    135 	.globl _g_SAVSP
                                    136 	.globl _g_PRSCNT
                                    137 	.globl _g_LSTMOD
                                    138 	.globl _g_LSTCOM
                                    139 	.globl _g_COMMSK
                                    140 	.globl _g_ESTBLS
                                    141 	.globl _g_FLAGS
                                    142 	.globl _g_ERRORS
                                    143 	.globl _g_DATCNT
                                    144 	.globl _g_DEVNUM
                                    145 	.globl _g_OLDINT
                                    146 	.globl _g_OLDSTT
                                    147 	.globl _g_MEXBIh
                                    148 	.globl _g_RSIQLN
                                    149 	.globl _g_RSFCB
                                    150 	.globl _g_TOCNT
                                    151 	.globl _g_RSTMP
                                    152 	.globl _g_YSAVE
                                    153 	.globl _g_XSAVE
                                    154 	.globl _g_NORUSE
                                    155 	.globl _g_MODE
                                    156 	.globl _g_ROMA
                                    157 	.globl _g_CHRCNT
                                    158 	.globl _g_EXBRSA
                                    159 	.globl _g_AVCSAV
                                    160 	.globl _g_ACPAGE
                                    161 	.globl _g_DPPAGE
                                    162 	.globl _g_RS2IQ
                                    163 	.globl _g_VOICCQ
                                    164 	.globl _g_VOICBQ
                                    165 	.globl _g_VOICAQ
                                    166 	.globl _g_QUEBAK
                                    167 	.globl _g_QUETAB
                                    168 	.globl _g_ASPCT2
                                    169 	.globl _g_ASPCT1
                                    170 	.globl _g_HEADER
                                    171 	.globl _g_HIGH
                                    172 	.globl _g_LOW
                                    173 	.globl _g_CS240
                                    174 	.globl _g_CS120
                                    175 	.globl _g_GETPNT
                                    176 	.globl _g_PUTPNT
                                    177 	.globl _g_REPCNT
                                    178 	.globl _g_SCNCNT
                                    179 	.globl _g_FRCNEW
                                    180 	.globl _g_QUEUES
                                    181 	.globl _g_MINUPD
                                    182 	.globl _g_MAXUPD
                                    183 	.globl _g_TRGFLG
                                    184 	.globl _g_STATFL
                                    185 	.globl _g_RG7SAV
                                    186 	.globl _g_RG6SAV
                                    187 	.globl _g_RG5SAV
                                    188 	.globl _g_RG4SAV
                                    189 	.globl _g_RG3SAV
                                    190 	.globl _g_RG2SAV
                                    191 	.globl _g_RG1SAV
                                    192 	.globl _g_RG0SAV
                                    193 	.globl _g_CNSDFG
                                    194 	.globl _g_USRTAB
                                    195 	.globl _g_CLPRIM
                                    196 	.globl _g_WRPRIM
                                    197 	.globl _g_RDPRIM
                                    198 	.globl _Joystick_Read
                                    199 	.globl _Keyboard_Read
                                    200 	.globl _Keyboard_Update
                                    201 	.globl _Keyboard_IsKeyPressed
                                    202 	.globl _Keyboard_IsKeyPushed
                                    203 ;--------------------------------------------------------
                                    204 ; special function registers
                                    205 ;--------------------------------------------------------
                         000000A8   206 _g_PortPrimarySlot	=	0x00a8
                         000000A9   207 _g_PortReadKeyboard	=	0x00a9
                         000000AA   208 _g_PortAccessKeyboard	=	0x00aa
                         000000AB   209 _g_PortControl	=	0x00ab
                         00000098   210 _g_VDP_DataPort	=	0x0098
                         00000099   211 _g_VDP_RegPort	=	0x0099
                         00000099   212 _g_VDP_AddrPort	=	0x0099
                         00000099   213 _g_VDP_StatPort	=	0x0099
                         000000A0   214 _g_PSG_RegPort	=	0x00a0
                         000000A1   215 _g_PSG_DataPort	=	0x00a1
                         000000A2   216 _g_PSG_StatPort	=	0x00a2
                         00000010   217 _g_PSG_Ext_RegPort	=	0x0010
                         00000011   218 _g_PSG_Ext_DataPort	=	0x0011
                         00000012   219 _g_PSG_Ext_StatPort	=	0x0012
                         0000007C   220 _g_MSXMusic_IndexPort	=	0x007c
                         0000007D   221 _g_MSXMusic_DataPort	=	0x007d
                         000000C0   222 _g_MSXAudio_IndexPort	=	0x00c0
                         000000C1   223 _g_MSXAudio_DataPort	=	0x00c1
                         000000C2   224 _g_MSXAudio_IndexPort2	=	0x00c2
                         000000C3   225 _g_MSXAudio_DataPort2	=	0x00c3
                         000000B4   226 _g_RTC_AddrPort	=	0x00b4
                         000000B5   227 _g_RTC_DataPort	=	0x00b5
                                    228 ;--------------------------------------------------------
                                    229 ; ram data
                                    230 ;--------------------------------------------------------
                                    231 	.area _DATA
                         0000F3AE   232 _g_LINL40	=	0xf3ae
                         0000F3AF   233 _g_LINL32	=	0xf3af
                         0000F3B0   234 _g_LINLEN	=	0xf3b0
                         0000F3B1   235 _g_CRTCNT	=	0xf3b1
                         0000F3B2   236 _g_CLMLST	=	0xf3b2
                         0000F3B3   237 _g_TXTNAM	=	0xf3b3
                         0000F3B5   238 _g_TXTCOL	=	0xf3b5
                         0000F3B7   239 _g_TXTCGP	=	0xf3b7
                         0000F3B9   240 _g_TXTATR	=	0xf3b9
                         0000F3BB   241 _g_TXTPAT	=	0xf3bb
                         0000F3BD   242 _g_T32NAM	=	0xf3bd
                         0000F3BF   243 _g_T32COL	=	0xf3bf
                         0000F3C1   244 _g_T32CGP	=	0xf3c1
                         0000F3C3   245 _g_T32ATR	=	0xf3c3
                         0000F3C5   246 _g_T32PAT	=	0xf3c5
                         0000F3C7   247 _g_GRPNAM	=	0xf3c7
                         0000F3C9   248 _g_GRPCOL	=	0xf3c9
                         0000F3CB   249 _g_GRPCGP	=	0xf3cb
                         0000F3CD   250 _g_GRPATR	=	0xf3cd
                         0000F3CF   251 _g_GRPPAT	=	0xf3cf
                         0000F3D1   252 _g_MLTNAM	=	0xf3d1
                         0000F3D3   253 _g_MLTCOL	=	0xf3d3
                         0000F3D5   254 _g_MLTCGP	=	0xf3d5
                         0000F3D7   255 _g_MLTATR	=	0xf3d7
                         0000F3D9   256 _g_MLTPAT	=	0xf3d9
                         0000F3DB   257 _g_CLIKSW	=	0xf3db
                         0000F3DC   258 _g_CSRY	=	0xf3dc
                         0000F3DD   259 _g_CSRX	=	0xf3dd
                         0000F3E9   260 _g_FORCLR	=	0xf3e9
                         0000F3EA   261 _g_BAKCLR	=	0xf3ea
                         0000F3EB   262 _g_BDRCLR	=	0xf3eb
                         0000F3F2   263 _g_ATRBYT	=	0xf3f2
                         0000F87F   264 _g_FNKSTR	=	0xf87f
                         0000F92A   265 _g_CLOC	=	0xf92a
                         0000F92C   266 _g_CMASK	=	0xf92c
                         0000FB02   267 _g_LOGOPR	=	0xfb02
                         0000FCB7   268 _g_GRPACX	=	0xfcb7
                         0000FCB9   269 _g_GRPACY	=	0xfcb9
                         0000FFFF   270 _g_SLTSL	=	0xffff
                                    271 ;--------------------------------------------------------
                                    272 ; ram data
                                    273 ;--------------------------------------------------------
                                    274 	.area _INITIALIZED
    00000000                        275 _g_InputBufferNew::
    00000000                        276 	.ds 2
    00000002                        277 _g_InputBufferOld::
    00000002                        278 	.ds 2
                                    279 ;--------------------------------------------------------
                                    280 ; absolute external ram data
                                    281 ;--------------------------------------------------------
                                    282 	.area _DABS (ABS)
                                    283 ;--------------------------------------------------------
                                    284 ; global & static initialisations
                                    285 ;--------------------------------------------------------
                                    286 	.area _HOME
                                    287 	.area _GSINIT
                                    288 	.area _GSFINAL
                                    289 	.area _GSINIT
                                    290 ;--------------------------------------------------------
                                    291 ; Home
                                    292 ;--------------------------------------------------------
                                    293 	.area _HOME
                                    294 	.area _HOME
                                    295 ;--------------------------------------------------------
                                    296 ; code
                                    297 ;--------------------------------------------------------
                                    298 	.area _CODE
                                    299 ;C:\msx\projetos\MSXgl\engine/src/input.c:27: u8 Input_Detect(enum INPUT_PORT port)
                                    300 ;	---------------------------------
                                    301 ; Function Input_Detect
                                    302 ; ---------------------------------
    00000000                        303 _Input_Detect::
                                    304 ;C:\msx\projetos\MSXgl\engine/src/input.c:49: __endasm;
    00000000 67               [ 4]  305 	ld	h, a
    00000001 E6 CF            [ 7]  306 	and	#0b11001111
    00000003 6F               [ 4]  307 	ld	l, a
    00000004 3E 0F            [ 7]  308 	ld	a, #15
    00000006 D3 A0            [11]  309 	out	(0xA0), a
    00000008 7D               [ 4]  310 	ld	a, l
    00000009 D3 A1            [11]  311 	out	(0xA1), a
    0000000B 3E 0F            [ 7]  312 	ld	a, #15
    0000000D D3 A0            [11]  313 	out	(0xA0), a
    0000000F 7C               [ 4]  314 	ld	a, h
    00000010 D3 A1            [11]  315 	out	(0xA1), a
    00000012 3E 0E            [ 7]  316 	ld	a, #14
    00000014 D3 A0            [11]  317 	out	(0xA0), a
    00000016 DB A2            [11]  318 	in	a, (0xA2)
    00000018 E6 3F            [ 7]  319 	and	#0x3F
                                    320 ;C:\msx\projetos\MSXgl\engine/src/input.c:50: }
    0000001A C9               [10]  321 	ret
                         0000F380   322 _g_RDPRIM	=	0xf380
                         0000F385   323 _g_WRPRIM	=	0xf385
                         0000F38C   324 _g_CLPRIM	=	0xf38c
                         0000F39A   325 _g_USRTAB	=	0xf39a
                         0000F3DE   326 _g_CNSDFG	=	0xf3de
                         0000F3DF   327 _g_RG0SAV	=	0xf3df
                         0000F3E0   328 _g_RG1SAV	=	0xf3e0
                         0000F3E1   329 _g_RG2SAV	=	0xf3e1
                         0000F3E2   330 _g_RG3SAV	=	0xf3e2
                         0000F3E3   331 _g_RG4SAV	=	0xf3e3
                         0000F3E4   332 _g_RG5SAV	=	0xf3e4
                         0000F3E5   333 _g_RG6SAV	=	0xf3e5
                         0000F3E6   334 _g_RG7SAV	=	0xf3e6
                         0000F3E7   335 _g_STATFL	=	0xf3e7
                         0000F3E8   336 _g_TRGFLG	=	0xf3e8
                         0000F3EC   337 _g_MAXUPD	=	0xf3ec
                         0000F3EF   338 _g_MINUPD	=	0xf3ef
                         0000F3F3   339 _g_QUEUES	=	0xf3f3
                         0000F3F5   340 _g_FRCNEW	=	0xf3f5
                         0000F3F6   341 _g_SCNCNT	=	0xf3f6
                         0000F3F7   342 _g_REPCNT	=	0xf3f7
                         0000F3F8   343 _g_PUTPNT	=	0xf3f8
                         0000F3FA   344 _g_GETPNT	=	0xf3fa
                         0000F3FC   345 _g_CS120	=	0xf3fc
                         0000F401   346 _g_CS240	=	0xf401
                         0000F406   347 _g_LOW	=	0xf406
                         0000F408   348 _g_HIGH	=	0xf408
                         0000F40A   349 _g_HEADER	=	0xf40a
                         0000F40B   350 _g_ASPCT1	=	0xf40b
                         0000F40D   351 _g_ASPCT2	=	0xf40d
                         0000F959   352 _g_QUETAB	=	0xf959
                         0000F971   353 _g_QUEBAK	=	0xf971
                         0000F975   354 _g_VOICAQ	=	0xf975
                         0000F9F5   355 _g_VOICBQ	=	0xf9f5
                         0000FA75   356 _g_VOICCQ	=	0xfa75
                         0000FAF5   357 _g_RS2IQ	=	0xfaf5
                         0000FAF5   358 _g_DPPAGE	=	0xfaf5
                         0000FAF6   359 _g_ACPAGE	=	0xfaf6
                         0000FAF7   360 _g_AVCSAV	=	0xfaf7
                         0000FAF8   361 _g_EXBRSA	=	0xfaf8
                         0000FAF9   362 _g_CHRCNT	=	0xfaf9
                         0000FAFA   363 _g_ROMA	=	0xfafa
                         0000FAFC   364 _g_MODE	=	0xfafc
                         0000FAFD   365 _g_NORUSE	=	0xfafd
                         0000FAFE   366 _g_XSAVE	=	0xfafe
                         0000FB00   367 _g_YSAVE	=	0xfb00
                         0000FB03   368 _g_RSTMP	=	0xfb03
                         0000FB03   369 _g_TOCNT	=	0xfb03
                         0000FB04   370 _g_RSFCB	=	0xfb04
                         0000FB06   371 _g_RSIQLN	=	0xfb06
                         0000FB07   372 _g_MEXBIh	=	0xfb07
                         0000FB0C   373 _g_OLDSTT	=	0xfb0c
                         0000FB0C   374 _g_OLDINT	=	0xfb0c
                         0000FB16   375 _g_DEVNUM	=	0xfb16
                         0000FB17   376 _g_DATCNT	=	0xfb17
                         0000FB1A   377 _g_ERRORS	=	0xfb1a
                         0000FB1B   378 _g_FLAGS	=	0xfb1b
                         0000FB1C   379 _g_ESTBLS	=	0xfb1c
                         0000FB1D   380 _g_COMMSK	=	0xfb1d
                         0000FB1E   381 _g_LSTCOM	=	0xfb1e
                         0000FB1F   382 _g_LSTMOD	=	0xfb1f
                         0000FB35   383 _g_PRSCNT	=	0xfb35
                         0000FB36   384 _g_SAVSP	=	0xfb36
                         0000FB38   385 _g_VOICEN	=	0xfb38
                         0000FB39   386 _g_SAVVOL	=	0xfb39
                         0000FB3B   387 _g_MCLLEN	=	0xfb3b
                         0000FB3C   388 _g_MCLPTR	=	0xfb3c
                         0000FB3E   389 _g_QUEUEN	=	0xfb3e
                         0000FB3F   390 _g_MUSICF	=	0xfb3f
                         0000FB40   391 _g_PLYCNT	=	0xfb40
                         0000FB41   392 _g_VCBA	=	0xfb41
                         0000FB66   393 _g_VCBB	=	0xfb66
                         0000FB8B   394 _g_VCBC	=	0xfb8b
                         0000FBB0   395 _g_ENSTOP	=	0xfbb0
                         0000FBB1   396 _g_BASROM	=	0xfbb1
                         0000FBB2   397 _g_LINTTB	=	0xfbb2
                         0000FBCA   398 _g_FSTPOS	=	0xfbca
                         0000FBCC   399 _g_CODSAV	=	0xfbcc
                         0000FBCD   400 _g_FNKSWI	=	0xfbcd
                         0000FBCE   401 _g_FNKFLG	=	0xfbce
                         0000FBD8   402 _g_ONGSBF	=	0xfbd8
                         0000FBD9   403 _g_CLIKFL	=	0xfbd9
                         0000FBDA   404 _g_OLDKEY	=	0xfbda
                         0000FBE5   405 _g_NEWKEY	=	0xfbe5
                         0000FBF0   406 _g_KEYBUF	=	0xfbf0
                         0000FC18   407 _g_LINWRK	=	0xfc18
                         0000FC40   408 _g_PATWRK	=	0xfc40
                         0000FC48   409 _g_BOTTOM	=	0xfc48
                         0000FC4A   410 _g_HIMEM	=	0xfc4a
                         0000FC4C   411 _g_TRPTBL	=	0xfc4c
                         0000FC9A   412 _g_RTYCNT	=	0xfc9a
                         0000FC9B   413 _g_INTFLG	=	0xfc9b
                         0000FC9C   414 _g_PADY	=	0xfc9c
                         0000FC9D   415 _g_PADX	=	0xfc9d
                         0000FC9E   416 _g_JIFFY	=	0xfc9e
                         0000FCA0   417 _g_INTVAL	=	0xfca0
                         0000FCA2   418 _g_INTCNT	=	0xfca2
                         0000FCA4   419 _g_LOWLIM	=	0xfca4
                         0000FCA5   420 _g_WINWID	=	0xfca5
                         0000FCA6   421 _g_GRPHED	=	0xfca6
                         0000FCA7   422 _g_ESCCNT	=	0xfca7
                         0000FCA8   423 _g_INSFLG	=	0xfca8
                         0000FCA9   424 _g_CSRSW	=	0xfca9
                         0000FCAA   425 _g_CSTYLE	=	0xfcaa
                         0000FCAB   426 _g_CAPST	=	0xfcab
                         0000FCAC   427 _g_KANAST	=	0xfcac
                         0000FCAD   428 _g_KANAMD	=	0xfcad
                         0000FCAE   429 _g_FLBMEM	=	0xfcae
                         0000FCAF   430 _g_SCRMOD	=	0xfcaf
                         0000FCB0   431 _g_OLDSCR	=	0xfcb0
                         0000FCB1   432 _g_CASPRV	=	0xfcb1
                         0000FCB2   433 _g_BRDATR	=	0xfcb2
                         0000FCB3   434 _g_GXPOS	=	0xfcb3
                         0000FCB5   435 _g_GYPOS	=	0xfcb5
                         0000FCBB   436 _g_DRWFLG	=	0xfcbb
                         0000FCBC   437 _g_DRWSCL	=	0xfcbc
                         0000FCBD   438 _g_DRWANG	=	0xfcbd
                         0000FCC1   439 _g_MNROM	=	0xfcc1
                         0000FCC1   440 _g_EXPTBL	=	0xfcc1
                         0000FCC5   441 _g_SLTTBL	=	0xfcc5
                         0000FCC9   442 _g_SLTATR	=	0xfcc9
                         0000FD09   443 _g_SLTWRK	=	0xfd09
                         0000FD89   444 _g_PROCNM	=	0xfd89
                         0000FFE7   445 _g_RG08SAV	=	0xffe7
                         0000FFE8   446 _g_RG09SAV	=	0xffe8
                         0000FFE9   447 _g_RG10SAV	=	0xffe9
                         0000FFEA   448 _g_RG11SAV	=	0xffea
                         0000FFEB   449 _g_RG12SAV	=	0xffeb
                         0000FFEC   450 _g_RG13SAV	=	0xffec
                         0000FFED   451 _g_RG14SAV	=	0xffed
                         0000FFEE   452 _g_RG15SAV	=	0xffee
                         0000FFEF   453 _g_RG16SAV	=	0xffef
                         0000FFF0   454 _g_RG17SAV	=	0xfff0
                         0000FFF1   455 _g_RG18SAV	=	0xfff1
                         0000FFF2   456 _g_RG19SAV	=	0xfff2
                         0000FFF3   457 _g_RG20SAV	=	0xfff3
                         0000FFF4   458 _g_RG21SAV	=	0xfff4
                         0000FFF5   459 _g_RG22SAV	=	0xfff5
                         0000FFF6   460 _g_RG23SAV	=	0xfff6
                         0000FFF7   461 _g_MINROM	=	0xfff7
                         0000FFF8   462 _g_SVFFF8	=	0xfff8
                         0000FFFA   463 _g_RG25SAV	=	0xfffa
                         0000FFFB   464 _g_RG26SAV	=	0xfffb
                         0000FFFC   465 _g_RG27SAV	=	0xfffc
                         0000FFFD   466 _g_SVFFFD	=	0xfffd
                                    467 ;C:\msx\projetos\MSXgl\engine/src/input.c:69: u8 Joystick_Read(u8 port) __FASTCALL __PRESERVES(b, c, d, e, h, iyl, iyh)
                                    468 ;	---------------------------------
                                    469 ; Function Joystick_Read
                                    470 ; ---------------------------------
    0000001B                        471 _Joystick_Read::
                                    472 ;C:\msx\projetos\MSXgl\engine/src/input.c:91: __endasm;
    0000001B 3E 0F            [ 7]  473 	ld	a, #15
    0000001D F3               [ 4]  474 	di
    0000001E D3 A0            [11]  475 	out	(0xA0), a
    00000020 7D               [ 4]  476 	ld	a, l
    00000021 D3 A1            [11]  477 	out	(0xA1), a
    00000023 3E 0E            [ 7]  478 	ld	a, #14
    00000025 D3 A0            [11]  479 	out	(0xA0), a
    00000027 FB               [ 4]  480 	ei
    00000028 DB A2            [11]  481 	in	a, (0xA2)
    0000002A 6F               [ 4]  482 	ld	l, a
                                    483 ;C:\msx\projetos\MSXgl\engine/src/input.c:92: }
    0000002B C9               [10]  484 	ret
                                    485 ;C:\msx\projetos\MSXgl\engine/src/input.c:268: u8 Keyboard_Read(u8 row) __FASTCALL __PRESERVES(b, c, d, e, h, iyl, iyh)
                                    486 ;	---------------------------------
                                    487 ; Function Keyboard_Read
                                    488 ; ---------------------------------
    0000002C                        489 _Keyboard_Read::
                                    490 ;C:\msx\projetos\MSXgl\engine/src/input.c:278: __endasm;
    0000002C DB AA            [11]  491 	in	a, (0xAA)
    0000002E E6 F0            [ 7]  492 	and	#0xF0
    00000030 B5               [ 4]  493 	or	l
    00000031 D3 AA            [11]  494 	out	(0xAA), a
    00000033 DB A9            [11]  495 	in	a, (0xA9)
    00000035 6F               [ 4]  496 	ld	l, a
                                    497 ;C:\msx\projetos\MSXgl\engine/src/input.c:279: }
    00000036 C9               [10]  498 	ret
                                    499 ;C:\msx\projetos\MSXgl\engine/src/input.c:290: void Keyboard_Update()
                                    500 ;	---------------------------------
                                    501 ; Function Keyboard_Update
                                    502 ; ---------------------------------
    00000037                        503 _Keyboard_Update::
    00000037 DD E5            [15]  504 	push	ix
    00000039 DD 21 00 00      [14]  505 	ld	ix,#0
    0000003D DD 39            [15]  506 	add	ix,sp
    0000003F F5               [11]  507 	push	af
                                    508 ;C:\msx\projetos\MSXgl\engine/src/input.c:292: for(u8 i = INPUT_KB_UPDATE_MIN; i <= INPUT_KB_UPDATE_MAX; ++i)	
    00000040 0E 00            [ 7]  509 	ld	c, #0x00
    00000042                        510 00103$:
    00000042 3E 08            [ 7]  511 	ld	a, #0x08
    00000044 91               [ 4]  512 	sub	a, c
    00000045 38 2B            [12]  513 	jr	C, 00105$
                                    514 ;C:\msx\projetos\MSXgl\engine/src/input.c:294: g_InputBufferOld[i] = g_InputBufferNew[i];
    00000047 3Ar02r00         [13]  515 	ld	a, (_g_InputBufferOld+0)
    0000004A 81               [ 4]  516 	add	a, c
    0000004B DD 77 FE         [19]  517 	ld	-2 (ix), a
    0000004E 3Ar03r00         [13]  518 	ld	a, (_g_InputBufferOld+1)
    00000051 CE 00            [ 7]  519 	adc	a, #0x00
    00000053 DD 77 FF         [19]  520 	ld	-1 (ix), a
    00000056 2Ar00r00         [16]  521 	ld	hl, (_g_InputBufferNew)
    00000059 06 00            [ 7]  522 	ld	b, #0x00
    0000005B 09               [11]  523 	add	hl, bc
    0000005C 7E               [ 7]  524 	ld	a, (hl)
    0000005D E1               [10]  525 	pop	hl
    0000005E E5               [11]  526 	push	hl
    0000005F 77               [ 7]  527 	ld	(hl), a
                                    528 ;C:\msx\projetos\MSXgl\engine/src/input.c:295: g_InputBufferNew[i] = Keyboard_Read(i);
    00000060 2Ar00r00         [16]  529 	ld	hl, (_g_InputBufferNew)
    00000063 06 00            [ 7]  530 	ld	b, #0x00
    00000065 09               [11]  531 	add	hl, bc
    00000066 E5               [11]  532 	push	hl
    00000067 69               [ 4]  533 	ld	l, c
                                    534 ;	spillPairReg hl
                                    535 ;	spillPairReg hl
    00000068 CDr2Cr00         [17]  536 	call	_Keyboard_Read
    0000006B 7D               [ 4]  537 	ld	a, l
    0000006C E1               [10]  538 	pop	hl
    0000006D 77               [ 7]  539 	ld	(hl), a
                                    540 ;C:\msx\projetos\MSXgl\engine/src/input.c:292: for(u8 i = INPUT_KB_UPDATE_MIN; i <= INPUT_KB_UPDATE_MAX; ++i)	
    0000006E 0C               [ 4]  541 	inc	c
    0000006F C3r42r00         [10]  542 	jp	00103$
    00000072                        543 00105$:
                                    544 ;C:\msx\projetos\MSXgl\engine/src/input.c:297: }
    00000072 DD F9            [10]  545 	ld	sp, ix
    00000074 DD E1            [14]  546 	pop	ix
    00000076 C9               [10]  547 	ret
                                    548 ;C:\msx\projetos\MSXgl\engine/src/input.c:301: bool Keyboard_IsKeyPressed(u8 key)
                                    549 ;	---------------------------------
                                    550 ; Function Keyboard_IsKeyPressed
                                    551 ; ---------------------------------
    00000077                        552 _Keyboard_IsKeyPressed::
                                    553 ;C:\msx\projetos\MSXgl\engine/src/input.c:303: return (g_InputBufferNew[KEY_ROW(key)] & (1 << KEY_IDX(key))) == 0;
    00000077 5F               [ 4]  554 	ld	e, a
    00000078 E6 0F            [ 7]  555 	and	a, #0x0f
    0000007A 4F               [ 4]  556 	ld	c, a
    0000007B 06 00            [ 7]  557 	ld	b, #0x00
    0000007D FD 2Ar00r00      [20]  558 	ld	iy, (_g_InputBufferNew)
    00000081 FD 09            [15]  559 	add	iy, bc
    00000083 FD 4E 00         [19]  560 	ld	c, 0 (iy)
    00000086 CB 3B            [ 8]  561 	srl	e
    00000088 CB 3B            [ 8]  562 	srl	e
    0000008A CB 3B            [ 8]  563 	srl	e
    0000008C CB 3B            [ 8]  564 	srl	e
    0000008E 21 01 00         [10]  565 	ld	hl, #0x0001
    00000091 1C               [ 4]  566 	inc	e
    00000092 C3r96r00         [10]  567 	jp	00104$
    00000095                        568 00103$:
    00000095 29               [11]  569 	add	hl, hl
    00000096                        570 00104$:
    00000096 1D               [ 4]  571 	dec	e
    00000097 20 FC            [12]  572 	jr	NZ,00103$
    00000099 06 00            [ 7]  573 	ld	b, #0x00
    0000009B 7D               [ 4]  574 	ld	a, l
    0000009C A1               [ 4]  575 	and	a, c
    0000009D 4F               [ 4]  576 	ld	c, a
    0000009E 7C               [ 4]  577 	ld	a, h
    0000009F A0               [ 4]  578 	and	a, b
    000000A0 47               [ 4]  579 	ld	b, a
    000000A1 79               [ 4]  580 	ld	a, c
    000000A2 B7               [ 4]  581 	or	a, a
    000000A3 B0               [ 4]  582 	or	a, b
    000000A4 3E 01            [ 7]  583 	ld	a, #0x01
    000000A6 C8               [11]  584 	ret	Z
    000000A7 AF               [ 4]  585 	xor	a, a
                                    586 ;C:\msx\projetos\MSXgl\engine/src/input.c:304: }
    000000A8 C9               [10]  587 	ret
                                    588 ;C:\msx\projetos\MSXgl\engine/src/input.c:308: bool Keyboard_IsKeyPushed(u8 key)
                                    589 ;	---------------------------------
                                    590 ; Function Keyboard_IsKeyPushed
                                    591 ; ---------------------------------
    000000A9                        592 _Keyboard_IsKeyPushed::
                                    593 ;C:\msx\projetos\MSXgl\engine/src/input.c:310: u8 flag = 1 << KEY_IDX(key);
    000000A9 5F               [ 4]  594 	ld	e, a
    000000AA 07               [ 4]  595 	rlca
    000000AB 07               [ 4]  596 	rlca
    000000AC 07               [ 4]  597 	rlca
    000000AD 07               [ 4]  598 	rlca
    000000AE E6 0F            [ 7]  599 	and	a, #0x0f
    000000B0 47               [ 4]  600 	ld	b, a
    000000B1 0E 01            [ 7]  601 	ld	c, #0x01
    000000B3 04               [ 4]  602 	inc	b
    000000B4 C3rB9r00         [10]  603 	jp	00112$
    000000B7                        604 00111$:
    000000B7 CB 21            [ 8]  605 	sla	c
    000000B9                        606 00112$:
    000000B9 10 FC            [13]  607 	djnz	00111$
                                    608 ;C:\msx\projetos\MSXgl\engine/src/input.c:311: u8 newKey = (g_InputBufferNew[KEY_ROW(key)] & flag) == 0;
    000000BB 7B               [ 4]  609 	ld	a, e
    000000BC E6 0F            [ 7]  610 	and	a, #0x0f
    000000BE 5F               [ 4]  611 	ld	e, a
    000000BF 16 00            [ 7]  612 	ld	d, #0x00
    000000C1 FD 2Ar00r00      [20]  613 	ld	iy, (_g_InputBufferNew)
    000000C5 FD 19            [15]  614 	add	iy, de
    000000C7 FD 7E 00         [19]  615 	ld	a, 0 (iy)
    000000CA A1               [ 4]  616 	and	a,c
    000000CB 3E 01            [ 7]  617 	ld	a, #0x01
    000000CD 28 01            [12]  618 	jr	Z, 00114$
    000000CF AF               [ 4]  619 	xor	a, a
    000000D0                        620 00114$:
    000000D0 47               [ 4]  621 	ld	b, a
                                    622 ;C:\msx\projetos\MSXgl\engine/src/input.c:312: u8 oldKey = (g_InputBufferOld[KEY_ROW(key)] & flag) == 0;
    000000D1 3Ar02r00         [13]  623 	ld	a, (_g_InputBufferOld+0)
    000000D4 83               [ 4]  624 	add	a, e
    000000D5 5F               [ 4]  625 	ld	e, a
    000000D6 3Ar03r00         [13]  626 	ld	a, (_g_InputBufferOld+1)
    000000D9 8A               [ 4]  627 	adc	a, d
    000000DA 57               [ 4]  628 	ld	d, a
    000000DB 1A               [ 7]  629 	ld	a, (de)
    000000DC A1               [ 4]  630 	and	a,c
    000000DD 3E 01            [ 7]  631 	ld	a, #0x01
    000000DF 28 01            [12]  632 	jr	Z, 00116$
    000000E1 AF               [ 4]  633 	xor	a, a
    000000E2                        634 00116$:
                                    635 ;C:\msx\projetos\MSXgl\engine/src/input.c:313: return newKey && !oldKey;
    000000E2 04               [ 4]  636 	inc	b
    000000E3 05               [ 4]  637 	dec	b
    000000E4 28 03            [12]  638 	jr	Z, 00103$
    000000E6 B7               [ 4]  639 	or	a, a
    000000E7 28 02            [12]  640 	jr	Z, 00104$
    000000E9                        641 00103$:
    000000E9 AF               [ 4]  642 	xor	a, a
    000000EA C9               [10]  643 	ret
    000000EB                        644 00104$:
    000000EB 3E 01            [ 7]  645 	ld	a, #0x01
                                    646 ;C:\msx\projetos\MSXgl\engine/src/input.c:314: }
    000000ED C9               [10]  647 	ret
                                    648 	.area _CODE
                                    649 	.area _INITIALIZER
    00000000                        650 __xinit__g_InputBufferNew:
    00000000 E5 FB                  651 	.dw _g_NEWKEY
    00000002                        652 __xinit__g_InputBufferOld:
    00000002 DA FB                  653 	.dw _g_OLDKEY
                                    654 	.area _CABS (ABS)
